{"/Users/stephanebrault/dev/lab/car-auction/frontend/src/api/apiClient.ts": {"path":"/Users/stephanebrault/dev/lab/car-auction/frontend/src/api/apiClient.ts","statementMap":{"0":{"start":{"line":1,"column":0},"end":{"line":1,"column":null}},"1":{"start":{"line":3,"column":18},"end":{"line":8,"column":2}},"2":{"start":{"line":10,"column":0},"end":{"line":10,"column":null}}},"fnMap":{},"branchMap":{},"s":{"0":1,"1":1,"2":1},"f":{},"b":{}}
,"/Users/stephanebrault/dev/lab/car-auction/frontend/src/components/CalculatorForm.vue": {"path":"/Users/stephanebrault/dev/lab/car-auction/frontend/src/components/CalculatorForm.vue","statementMap":{"0":{"start":{"line":5,"column":0},"end":{"line":5,"column":54}},"1":{"start":{"line":6,"column":0},"end":{"line":6,"column":47}},"2":{"start":{"line":7,"column":16},"end":{"line":33,"column":1}},"3":{"start":{"line":9,"column":4},"end":{"line":11,"column":7}},"4":{"start":{"line":10,"column":6},"end":{"line":10,"column":21}},"5":{"start":{"line":13,"column":2},"end":{"line":32,"column":5}},"6":{"start":{"line":15,"column":6},"end":{"line":19,"column":7}},"7":{"start":{"line":16,"column":8},"end":{"line":16,"column":36}},"8":{"start":{"line":18,"column":8},"end":{"line":18,"column":18}},"9":{"start":{"line":22,"column":6},"end":{"line":26,"column":7}},"10":{"start":{"line":23,"column":8},"end":{"line":23,"column":40}},"11":{"start":{"line":25,"column":8},"end":{"line":25,"column":18}},"12":{"start":{"line":29,"column":6},"end":{"line":29,"column":90}},"13":{"start":{"line":31,"column":4},"end":{"line":31,"column":74}},"14":{"start":{"line":34,"column":18},"end":{"line":121,"column":1}},"15":{"start":{"line":35,"column":10},"end":{"line":43,"column":5}},"16":{"start":{"line":38,"column":8},"end":{"line":38,"column":33}},"17":{"start":{"line":38,"column":22},"end":{"line":38,"column":33}},"18":{"start":{"line":39,"column":8},"end":{"line":39,"column":20}},"19":{"start":{"line":48,"column":2},"end":{"line":54,"column":8}},"20":{"start":{"line":53,"column":4},"end":{"line":53,"column":16}},"21":{"start":{"line":56,"column":4},"end":{"line":58,"column":6}},"22":{"start":{"line":57,"column":6},"end":{"line":57,"column":26}},"23":{"start":{"line":61,"column":4},"end":{"line":61,"column":66}},"24":{"start":{"line":61,"column":11},"end":{"line":61,"column":66}},"25":{"start":{"line":62,"column":4},"end":{"line":114,"column":5}},"26":{"start":{"line":62,"column":14},"end":{"line":114,"column":5}},"27":{"start":{"line":63,"column":6},"end":{"line":63,"column":163}},"28":{"start":{"line":63,"column":154},"end":{"line":63,"column":163}},"29":{"start":{"line":64,"column":6},"end":{"line":64,"column":46}},"30":{"start":{"line":64,"column":20},"end":{"line":64,"column":46}},"31":{"start":{"line":65,"column":6},"end":{"line":107,"column":7}},"32":{"start":{"line":68,"column":10},"end":{"line":68,"column":17}},"33":{"start":{"line":69,"column":10},"end":{"line":69,"column":16}},"34":{"start":{"line":71,"column":10},"end":{"line":71,"column":20}},"35":{"start":{"line":72,"column":10},"end":{"line":75,"column":12}},"36":{"start":{"line":77,"column":10},"end":{"line":77,"column":20}},"37":{"start":{"line":78,"column":10},"end":{"line":78,"column":20}},"38":{"start":{"line":79,"column":10},"end":{"line":79,"column":19}},"39":{"start":{"line":80,"column":10},"end":{"line":80,"column":19}},"40":{"start":{"line":82,"column":10},"end":{"line":82,"column":27}},"41":{"start":{"line":83,"column":10},"end":{"line":83,"column":23}},"42":{"start":{"line":84,"column":10},"end":{"line":84,"column":19}},"43":{"start":{"line":86,"column":10},"end":{"line":89,"column":11}},"44":{"start":{"line":87,"column":12},"end":{"line":87,"column":18}},"45":{"start":{"line":88,"column":12},"end":{"line":88,"column":21}},"46":{"start":{"line":90,"column":10},"end":{"line":93,"column":11}},"47":{"start":{"line":91,"column":12},"end":{"line":91,"column":28}},"48":{"start":{"line":92,"column":12},"end":{"line":92,"column":18}},"49":{"start":{"line":94,"column":10},"end":{"line":98,"column":11}},"50":{"start":{"line":95,"column":12},"end":{"line":95,"column":27}},"51":{"start":{"line":96,"column":12},"end":{"line":96,"column":19}},"52":{"start":{"line":97,"column":12},"end":{"line":97,"column":18}},"53":{"start":{"line":99,"column":10},"end":{"line":103,"column":11}},"54":{"start":{"line":100,"column":12},"end":{"line":100,"column":27}},"55":{"start":{"line":101,"column":12},"end":{"line":101,"column":27}},"56":{"start":{"line":102,"column":12},"end":{"line":102,"column":18}},"57":{"start":{"line":104,"column":10},"end":{"line":104,"column":32}},"58":{"start":{"line":104,"column":20},"end":{"line":104,"column":32}},"59":{"start":{"line":105,"column":10},"end":{"line":105,"column":23}},"60":{"start":{"line":106,"column":10},"end":{"line":106,"column":19}},"61":{"start":{"line":108,"column":6},"end":{"line":108,"column":33}},"62":{"start":{"line":110,"column":6},"end":{"line":110,"column":18}},"63":{"start":{"line":111,"column":6},"end":{"line":111,"column":12}},"64":{"start":{"line":113,"column":6},"end":{"line":113,"column":16}},"65":{"start":{"line":115,"column":4},"end":{"line":115,"column":31}},"66":{"start":{"line":115,"column":19},"end":{"line":115,"column":31}},"67":{"start":{"line":116,"column":4},"end":{"line":119,"column":6}},"68":{"start":{"line":122,"column":22},"end":{"line":126,"column":1}},"69":{"start":{"line":123,"column":2},"end":{"line":125,"column":4}},"70":{"start":{"line":127,"column":0},"end":{"line":129,"column":3}},"71":{"start":{"line":130,"column":12},"end":{"line":130,"column":26}},"72":{"start":{"line":131,"column":12},"end":{"line":131,"column":26}},"73":{"start":{"line":132,"column":23},"end":{"line":132,"column":76}},"74":{"start":{"line":133,"column":19},"end":{"line":133,"column":48}},"75":{"start":{"line":134,"column":0},"end":{"line":246,"column":3}},"76":{"start":{"line":144,"column":16},"end":{"line":144,"column":20}},"77":{"start":{"line":145,"column":19},"end":{"line":145,"column":28}},"78":{"start":{"line":146,"column":15},"end":{"line":146,"column":22}},"79":{"start":{"line":147,"column":4},"end":{"line":147,"column":15}},"80":{"start":{"line":148,"column":15},"end":{"line":148,"column":21}},"81":{"start":{"line":150,"column":32},"end":{"line":150,"column":52}},"82":{"start":{"line":151,"column":23},"end":{"line":151,"column":41}},"83":{"start":{"line":152,"column":23},"end":{"line":152,"column":40}},"84":{"start":{"line":156,"column":27},"end":{"line":195,"column":5}},"85":{"start":{"line":157,"column":6},"end":{"line":194,"column":9}},"86":{"start":{"line":159,"column":8},"end":{"line":193,"column":11}},"87":{"start":{"line":160,"column":10},"end":{"line":192,"column":11}},"88":{"start":{"line":162,"column":14},"end":{"line":162,"column":39}},"89":{"start":{"line":163,"column":14},"end":{"line":165,"column":17}},"90":{"start":{"line":164,"column":16},"end":{"line":164,"column":63}},"91":{"start":{"line":166,"column":14},"end":{"line":166,"column":56}},"92":{"start":{"line":166,"column":32},"end":{"line":166,"column":56}},"93":{"start":{"line":167,"column":14},"end":{"line":167,"column":115}},"94":{"start":{"line":169,"column":14},"end":{"line":169,"column":41}},"95":{"start":{"line":170,"column":14},"end":{"line":179,"column":15}},"96":{"start":{"line":171,"column":16},"end":{"line":175,"column":18}},"97":{"start":{"line":176,"column":16},"end":{"line":176,"column":64}},"98":{"start":{"line":178,"column":16},"end":{"line":178,"column":60}},"99":{"start":{"line":180,"column":14},"end":{"line":180,"column":38}},"100":{"start":{"line":182,"column":14},"end":{"line":182,"column":54}},"101":{"start":{"line":183,"column":14},"end":{"line":183,"column":27}},"102":{"start":{"line":185,"column":14},"end":{"line":185,"column":38}},"103":{"start":{"line":187,"column":14},"end":{"line":187,"column":34}},"104":{"start":{"line":188,"column":14},"end":{"line":188,"column":66}},"105":{"start":{"line":189,"column":14},"end":{"line":189,"column":38}},"106":{"start":{"line":191,"column":14},"end":{"line":191,"column":36}},"107":{"start":{"line":199,"column":16},"end":{"line":203,"column":5}},"108":{"start":{"line":200,"column":6},"end":{"line":200,"column":41}},"109":{"start":{"line":201,"column":6},"end":{"line":201,"column":29}},"110":{"start":{"line":202,"column":6},"end":{"line":202,"column":43}},"111":{"start":{"line":204,"column":4},"end":{"line":228,"column":7}},"112":{"start":{"line":205,"column":6},"end":{"line":227,"column":9}},"113":{"start":{"line":207,"column":8},"end":{"line":226,"column":11}},"114":{"start":{"line":208,"column":10},"end":{"line":225,"column":11}},"115":{"start":{"line":210,"column":14},"end":{"line":210,"column":39}},"116":{"start":{"line":211,"column":14},"end":{"line":211,"column":32}},"117":{"start":{"line":212,"column":14},"end":{"line":212,"column":81}},"118":{"start":{"line":214,"column":14},"end":{"line":214,"column":35}},"119":{"start":{"line":215,"column":14},"end":{"line":217,"column":15}},"120":{"start":{"line":216,"column":16},"end":{"line":216,"column":71}},"121":{"start":{"line":218,"column":14},"end":{"line":218,"column":38}},"122":{"start":{"line":220,"column":14},"end":{"line":220,"column":34}},"123":{"start":{"line":221,"column":14},"end":{"line":221,"column":69}},"124":{"start":{"line":222,"column":14},"end":{"line":222,"column":38}},"125":{"start":{"line":224,"column":14},"end":{"line":224,"column":36}},"126":{"start":{"line":229,"column":23},"end":{"line":239,"column":5}},"127":{"start":{"line":237,"column":8},"end":{"line":237,"column":42}},"128":{"start":{"line":240,"column":4},"end":{"line":243,"column":7}},"129":{"start":{"line":244,"column":4},"end":{"line":244,"column":24}},"130":{"start":{"line":248,"column":0},"end":{"line":248,"column":62}},"131":{"start":{"line":249,"column":0},"end":{"line":249,"column":24}},"132":{"start":{"line":250,"column":12},"end":{"line":250,"column":26}},"133":{"start":{"line":251,"column":17},"end":{"line":254,"column":1}},"134":{"start":{"line":255,"column":17},"end":{"line":255,"column":33}},"135":{"start":{"line":256,"column":17},"end":{"line":256,"column":26}},"136":{"start":{"line":257,"column":17},"end":{"line":257,"column":33}},"137":{"start":{"line":259,"column":4},"end":{"line":312,"column":8}},"138":{"start":{"line":264,"column":85},"end":{"line":264,"column":134}},"139":{"start":{"line":269,"column":20},"end":{"line":272,"column":96}},"140":{"start":{"line":286,"column":85},"end":{"line":286,"column":125}},"141":{"start":{"line":290,"column":35},"end":{"line":290,"column":37}},"142":{"start":{"line":291,"column":24},"end":{"line":293,"column":25}},"143":{"start":{"line":291,"column":38},"end":{"line":291,"column":39}},"144":{"start":{"line":292,"column":28},"end":{"line":292,"column":53}},"145":{"start":{"line":294,"column":24},"end":{"line":294,"column":98}},"146":{"start":{"line":314,"column":0},"end":{"line":314,"column":24}},"147":{"start":{"line":315,"column":1},"end":{"line":315,"column":48}}},"fnMap":{"0":{"name":"(anonymous_0)","decl":{"start":{"line":7,"column":42},"end":{"line":7,"column":43}},"loc":{"start":{"line":7,"column":87},"end":{"line":33,"column":1}},"line":7},"1":{"name":"adopt","decl":{"start":{"line":8,"column":11},"end":{"line":8,"column":16}},"loc":{"start":{"line":8,"column":24},"end":{"line":12,"column":3}},"line":8},"2":{"name":"(anonymous_2)","decl":{"start":{"line":9,"column":46},"end":{"line":9,"column":47}},"loc":{"start":{"line":9,"column":65},"end":{"line":11,"column":5}},"line":9},"3":{"name":"(anonymous_3)","decl":{"start":{"line":13,"column":34},"end":{"line":13,"column":35}},"loc":{"start":{"line":13,"column":61},"end":{"line":32,"column":3}},"line":13},"4":{"name":"fulfilled","decl":{"start":{"line":14,"column":13},"end":{"line":14,"column":22}},"loc":{"start":{"line":14,"column":30},"end":{"line":20,"column":5}},"line":14},"5":{"name":"rejected","decl":{"start":{"line":21,"column":13},"end":{"line":21,"column":21}},"loc":{"start":{"line":21,"column":29},"end":{"line":27,"column":5}},"line":21},"6":{"name":"step","decl":{"start":{"line":28,"column":13},"end":{"line":28,"column":17}},"loc":{"start":{"line":28,"column":26},"end":{"line":30,"column":5}},"line":28},"7":{"name":"(anonymous_7)","decl":{"start":{"line":34,"column":46},"end":{"line":34,"column":47}},"loc":{"start":{"line":34,"column":71},"end":{"line":121,"column":1}},"line":34},"8":{"name":"(anonymous_8)","decl":{"start":{"line":37,"column":12},"end":{"line":37,"column":13}},"loc":{"start":{"line":37,"column":24},"end":{"line":40,"column":7}},"line":37},"9":{"name":"(anonymous_9)","decl":{"start":{"line":52,"column":59},"end":{"line":52,"column":60}},"loc":{"start":{"line":52,"column":71},"end":{"line":54,"column":3}},"line":52},"10":{"name":"verb","decl":{"start":{"line":55,"column":11},"end":{"line":55,"column":15}},"loc":{"start":{"line":55,"column":19},"end":{"line":59,"column":3}},"line":55},"11":{"name":"(anonymous_11)","decl":{"start":{"line":56,"column":11},"end":{"line":56,"column":12}},"loc":{"start":{"line":56,"column":24},"end":{"line":58,"column":5}},"line":56},"12":{"name":"step","decl":{"start":{"line":60,"column":11},"end":{"line":60,"column":15}},"loc":{"start":{"line":60,"column":20},"end":{"line":120,"column":3}},"line":60},"13":{"name":"(anonymous_13)","decl":{"start":{"line":122,"column":54},"end":{"line":122,"column":55}},"loc":{"start":{"line":122,"column":69},"end":{"line":126,"column":1}},"line":122},"14":{"name":"(anonymous_14)","decl":{"start":{"line":143,"column":9},"end":{"line":143,"column":10}},"loc":{"start":{"line":143,"column":32},"end":{"line":245,"column":3}},"line":143},"15":{"name":"(anonymous_15)","decl":{"start":{"line":156,"column":27},"end":{"line":156,"column":28}},"loc":{"start":{"line":156,"column":39},"end":{"line":195,"column":5}},"line":156},"16":{"name":"(anonymous_16)","decl":{"start":{"line":157,"column":46},"end":{"line":157,"column":47}},"loc":{"start":{"line":157,"column":58},"end":{"line":194,"column":7}},"line":157},"17":{"name":"(anonymous_17)","decl":{"start":{"line":159,"column":33},"end":{"line":159,"column":34}},"loc":{"start":{"line":159,"column":47},"end":{"line":193,"column":9}},"line":159},"18":{"name":"(anonymous_18)","decl":{"start":{"line":163,"column":52},"end":{"line":163,"column":53}},"loc":{"start":{"line":163,"column":68},"end":{"line":165,"column":15}},"line":163},"19":{"name":"(anonymous_19)","decl":{"start":{"line":199,"column":16},"end":{"line":199,"column":17}},"loc":{"start":{"line":199,"column":28},"end":{"line":203,"column":5}},"line":199},"20":{"name":"(anonymous_20)","decl":{"start":{"line":204,"column":25},"end":{"line":204,"column":26}},"loc":{"start":{"line":204,"column":37},"end":{"line":228,"column":5}},"line":204},"21":{"name":"(anonymous_21)","decl":{"start":{"line":205,"column":46},"end":{"line":205,"column":47}},"loc":{"start":{"line":205,"column":58},"end":{"line":227,"column":7}},"line":205},"22":{"name":"(anonymous_22)","decl":{"start":{"line":207,"column":33},"end":{"line":207,"column":34}},"loc":{"start":{"line":207,"column":47},"end":{"line":226,"column":9}},"line":207},"23":{"name":"(anonymous_23)","decl":{"start":{"line":236,"column":6},"end":{"line":236,"column":7}},"loc":{"start":{"line":236,"column":26},"end":{"line":238,"column":7}},"line":236},"24":{"name":"render","decl":{"start":{"line":258,"column":9},"end":{"line":258,"column":15}},"loc":{"start":{"line":258,"column":63},"end":{"line":313,"column":1}},"line":258},"25":{"name":"(anonymous_25)","decl":{"start":{"line":264,"column":65},"end":{"line":264,"column":66}},"loc":{"start":{"line":264,"column":83},"end":{"line":264,"column":136}},"line":264},"26":{"name":"(anonymous_26)","decl":{"start":{"line":268,"column":140},"end":{"line":268,"column":141}},"loc":{"start":{"line":268,"column":156},"end":{"line":273,"column":17}},"line":268},"27":{"name":"(anonymous_27)","decl":{"start":{"line":286,"column":65},"end":{"line":286,"column":66}},"loc":{"start":{"line":286,"column":83},"end":{"line":286,"column":127}},"line":286},"28":{"name":"(anonymous_28)","decl":{"start":{"line":289,"column":20},"end":{"line":289,"column":21}},"loc":{"start":{"line":289,"column":32},"end":{"line":295,"column":21}},"line":289}},"branchMap":{"0":{"loc":{"start":{"line":7,"column":16},"end":{"line":33,"column":1}},"type":"binary-expr","locations":[{"start":{"line":7,"column":16},"end":{"line":7,"column":20}},{"start":{"line":7,"column":24},"end":{"line":7,"column":38}},{"start":{"line":7,"column":42},"end":{"line":33,"column":1}}],"line":7},"1":{"loc":{"start":{"line":9,"column":11},"end":{"line":11,"column":6}},"type":"cond-expr","locations":[{"start":{"line":9,"column":32},"end":{"line":9,"column":37}},{"start":{"line":9,"column":40},"end":{"line":11,"column":6}}],"line":9},"2":{"loc":{"start":{"line":13,"column":14},"end":{"line":13,"column":32}},"type":"binary-expr","locations":[{"start":{"line":13,"column":14},"end":{"line":13,"column":15}},{"start":{"line":13,"column":20},"end":{"line":13,"column":31}}],"line":13},"3":{"loc":{"start":{"line":29,"column":6},"end":{"line":29,"column":89}},"type":"cond-expr","locations":[{"start":{"line":29,"column":20},"end":{"line":29,"column":41}},{"start":{"line":29,"column":44},"end":{"line":29,"column":89}}],"line":29},"4":{"loc":{"start":{"line":31,"column":47},"end":{"line":31,"column":63}},"type":"binary-expr","locations":[{"start":{"line":31,"column":47},"end":{"line":31,"column":57}},{"start":{"line":31,"column":61},"end":{"line":31,"column":63}}],"line":31},"5":{"loc":{"start":{"line":34,"column":18},"end":{"line":121,"column":1}},"type":"binary-expr","locations":[{"start":{"line":34,"column":18},"end":{"line":34,"column":22}},{"start":{"line":34,"column":26},"end":{"line":34,"column":42}},{"start":{"line":34,"column":46},"end":{"line":121,"column":1}}],"line":34},"6":{"loc":{"start":{"line":38,"column":8},"end":{"line":38,"column":33}},"type":"if","locations":[{"start":{"line":38,"column":8},"end":{"line":38,"column":33}},{"start":{},"end":{}}],"line":38},"7":{"loc":{"start":{"line":52,"column":5},"end":{"line":54,"column":4}},"type":"binary-expr","locations":[{"start":{"line":52,"column":5},"end":{"line":52,"column":33}},{"start":{"line":52,"column":38},"end":{"line":54,"column":3}}],"line":52},"8":{"loc":{"start":{"line":61,"column":4},"end":{"line":61,"column":66}},"type":"if","locations":[{"start":{"line":61,"column":4},"end":{"line":61,"column":66}},{"start":{},"end":{}}],"line":61},"9":{"loc":{"start":{"line":63,"column":6},"end":{"line":63,"column":163}},"type":"if","locations":[{"start":{"line":63,"column":6},"end":{"line":63,"column":163}},{"start":{},"end":{}}],"line":63},"10":{"loc":{"start":{"line":63,"column":17},"end":{"line":63,"column":152}},"type":"binary-expr","locations":[{"start":{"line":63,"column":17},"end":{"line":63,"column":18}},{"start":{"line":63,"column":23},"end":{"line":63,"column":119}},{"start":{"line":63,"column":124},"end":{"line":63,"column":152}}],"line":63},"11":{"loc":{"start":{"line":63,"column":27},"end":{"line":63,"column":119}},"type":"cond-expr","locations":[{"start":{"line":63,"column":39},"end":{"line":63,"column":50}},{"start":{"line":63,"column":53},"end":{"line":63,"column":119}}],"line":63},"12":{"loc":{"start":{"line":63,"column":53},"end":{"line":63,"column":119}},"type":"cond-expr","locations":[{"start":{"line":63,"column":61},"end":{"line":63,"column":110}},{"start":{"line":63,"column":113},"end":{"line":63,"column":119}}],"line":63},"13":{"loc":{"start":{"line":63,"column":61},"end":{"line":63,"column":110}},"type":"binary-expr","locations":[{"start":{"line":63,"column":61},"end":{"line":63,"column":71}},{"start":{"line":63,"column":76},"end":{"line":63,"column":109}}],"line":63},"14":{"loc":{"start":{"line":63,"column":76},"end":{"line":63,"column":106}},"type":"binary-expr","locations":[{"start":{"line":63,"column":77},"end":{"line":63,"column":92}},{"start":{"line":63,"column":97},"end":{"line":63,"column":106}}],"line":63},"15":{"loc":{"start":{"line":64,"column":6},"end":{"line":64,"column":46}},"type":"if","locations":[{"start":{"line":64,"column":6},"end":{"line":64,"column":46}},{"start":{},"end":{}}],"line":64},"16":{"loc":{"start":{"line":65,"column":6},"end":{"line":107,"column":7}},"type":"switch","locations":[{"start":{"line":66,"column":8},"end":{"line":66,"column":15}},{"start":{"line":67,"column":8},"end":{"line":69,"column":16}},{"start":{"line":70,"column":8},"end":{"line":75,"column":12}},{"start":{"line":76,"column":8},"end":{"line":80,"column":19}},{"start":{"line":81,"column":8},"end":{"line":84,"column":19}},{"start":{"line":85,"column":8},"end":{"line":106,"column":19}}],"line":65},"17":{"loc":{"start":{"line":86,"column":10},"end":{"line":89,"column":11}},"type":"if","locations":[{"start":{"line":86,"column":10},"end":{"line":89,"column":11}},{"start":{},"end":{}}],"line":86},"18":{"loc":{"start":{"line":86,"column":14},"end":{"line":86,"column":96}},"type":"binary-expr","locations":[{"start":{"line":86,"column":14},"end":{"line":86,"column":64}},{"start":{"line":86,"column":69},"end":{"line":86,"column":80}},{"start":{"line":86,"column":84},"end":{"line":86,"column":95}}],"line":86},"19":{"loc":{"start":{"line":86,"column":32},"end":{"line":86,"column":63}},"type":"binary-expr","locations":[{"start":{"line":86,"column":32},"end":{"line":86,"column":44}},{"start":{"line":86,"column":48},"end":{"line":86,"column":63}}],"line":86},"20":{"loc":{"start":{"line":90,"column":10},"end":{"line":93,"column":11}},"type":"if","locations":[{"start":{"line":90,"column":10},"end":{"line":93,"column":11}},{"start":{},"end":{}}],"line":90},"21":{"loc":{"start":{"line":90,"column":14},"end":{"line":90,"column":65}},"type":"binary-expr","locations":[{"start":{"line":90,"column":14},"end":{"line":90,"column":25}},{"start":{"line":90,"column":30},"end":{"line":90,"column":32}},{"start":{"line":90,"column":36},"end":{"line":90,"column":48}},{"start":{"line":90,"column":52},"end":{"line":90,"column":64}}],"line":90},"22":{"loc":{"start":{"line":94,"column":10},"end":{"line":98,"column":11}},"type":"if","locations":[{"start":{"line":94,"column":10},"end":{"line":98,"column":11}},{"start":{},"end":{}}],"line":94},"23":{"loc":{"start":{"line":94,"column":14},"end":{"line":94,"column":43}},"type":"binary-expr","locations":[{"start":{"line":94,"column":14},"end":{"line":94,"column":25}},{"start":{"line":94,"column":29},"end":{"line":94,"column":43}}],"line":94},"24":{"loc":{"start":{"line":99,"column":10},"end":{"line":103,"column":11}},"type":"if","locations":[{"start":{"line":99,"column":10},"end":{"line":103,"column":11}},{"start":{},"end":{}}],"line":99},"25":{"loc":{"start":{"line":99,"column":14},"end":{"line":99,"column":33}},"type":"binary-expr","locations":[{"start":{"line":99,"column":14},"end":{"line":99,"column":15}},{"start":{"line":99,"column":19},"end":{"line":99,"column":33}}],"line":99},"26":{"loc":{"start":{"line":104,"column":10},"end":{"line":104,"column":32}},"type":"if","locations":[{"start":{"line":104,"column":10},"end":{"line":104,"column":32}},{"start":{},"end":{}}],"line":104},"27":{"loc":{"start":{"line":115,"column":4},"end":{"line":115,"column":31}},"type":"if","locations":[{"start":{"line":115,"column":4},"end":{"line":115,"column":31}},{"start":{},"end":{}}],"line":115},"28":{"loc":{"start":{"line":117,"column":13},"end":{"line":117,"column":35}},"type":"cond-expr","locations":[{"start":{"line":117,"column":21},"end":{"line":117,"column":26}},{"start":{"line":117,"column":29},"end":{"line":117,"column":35}}],"line":117},"29":{"loc":{"start":{"line":122,"column":22},"end":{"line":126,"column":1}},"type":"binary-expr","locations":[{"start":{"line":122,"column":22},"end":{"line":122,"column":26}},{"start":{"line":122,"column":30},"end":{"line":122,"column":50}},{"start":{"line":122,"column":54},"end":{"line":126,"column":1}}],"line":122},"30":{"loc":{"start":{"line":123,"column":9},"end":{"line":125,"column":3}},"type":"cond-expr","locations":[{"start":{"line":123,"column":33},"end":{"line":123,"column":36}},{"start":{"line":123,"column":39},"end":{"line":125,"column":3}}],"line":123},"31":{"loc":{"start":{"line":123,"column":9},"end":{"line":123,"column":30}},"type":"binary-expr","locations":[{"start":{"line":123,"column":9},"end":{"line":123,"column":12}},{"start":{"line":123,"column":16},"end":{"line":123,"column":30}}],"line":123},"32":{"loc":{"start":{"line":160,"column":10},"end":{"line":192,"column":11}},"type":"switch","locations":[{"start":{"line":161,"column":12},"end":{"line":167,"column":115}},{"start":{"line":168,"column":12},"end":{"line":180,"column":38}},{"start":{"line":181,"column":12},"end":{"line":183,"column":27}},{"start":{"line":184,"column":12},"end":{"line":185,"column":38}},{"start":{"line":186,"column":12},"end":{"line":189,"column":38}},{"start":{"line":190,"column":12},"end":{"line":191,"column":36}}],"line":160},"33":{"loc":{"start":{"line":166,"column":14},"end":{"line":166,"column":56}},"type":"if","locations":[{"start":{"line":166,"column":14},"end":{"line":166,"column":56}},{"start":{},"end":{}}],"line":166},"34":{"loc":{"start":{"line":170,"column":14},"end":{"line":179,"column":15}},"type":"if","locations":[{"start":{"line":170,"column":14},"end":{"line":179,"column":15}},{"start":{"line":177,"column":21},"end":{"line":179,"column":15}}],"line":170},"35":{"loc":{"start":{"line":208,"column":10},"end":{"line":225,"column":11}},"type":"switch","locations":[{"start":{"line":209,"column":12},"end":{"line":212,"column":81}},{"start":{"line":213,"column":12},"end":{"line":218,"column":38}},{"start":{"line":219,"column":12},"end":{"line":222,"column":38}},{"start":{"line":223,"column":12},"end":{"line":224,"column":36}}],"line":208},"36":{"loc":{"start":{"line":215,"column":14},"end":{"line":217,"column":15}},"type":"if","locations":[{"start":{"line":215,"column":14},"end":{"line":217,"column":15}},{"start":{},"end":{}}],"line":215},"37":{"loc":{"start":{"line":260,"column":8},"end":{"line":260,"column":118}},"type":"binary-expr","locations":[{"start":{"line":260,"column":8},"end":{"line":260,"column":17}},{"start":{"line":260,"column":22},"end":{"line":260,"column":117}}],"line":260},"38":{"loc":{"start":{"line":262,"column":12},"end":{"line":262,"column":137}},"type":"binary-expr","locations":[{"start":{"line":262,"column":12},"end":{"line":262,"column":21}},{"start":{"line":262,"column":26},"end":{"line":262,"column":136}}],"line":262},"39":{"loc":{"start":{"line":264,"column":39},"end":{"line":264,"column":137}},"type":"binary-expr","locations":[{"start":{"line":264,"column":39},"end":{"line":264,"column":48}},{"start":{"line":264,"column":53},"end":{"line":264,"column":136}}],"line":264},"40":{"loc":{"start":{"line":279,"column":12},"end":{"line":279,"column":139}},"type":"binary-expr","locations":[{"start":{"line":279,"column":12},"end":{"line":279,"column":21}},{"start":{"line":279,"column":26},"end":{"line":279,"column":138}}],"line":279},"41":{"loc":{"start":{"line":286,"column":39},"end":{"line":286,"column":128}},"type":"binary-expr","locations":[{"start":{"line":286,"column":39},"end":{"line":286,"column":48}},{"start":{"line":286,"column":53},"end":{"line":286,"column":127}}],"line":286},"42":{"loc":{"start":{"line":287,"column":27},"end":{"line":295,"column":22}},"type":"binary-expr","locations":[{"start":{"line":287,"column":27},"end":{"line":287,"column":36}},{"start":{"line":287,"column":41},"end":{"line":295,"column":21}}],"line":287},"43":{"loc":{"start":{"line":294,"column":32},"end":{"line":294,"column":96}},"type":"binary-expr","locations":[{"start":{"line":294,"column":32},"end":{"line":294,"column":52}},{"start":{"line":294,"column":56},"end":{"line":294,"column":96}}],"line":294}},"s":{"0":1,"1":1,"2":1,"3":14,"4":14,"5":15,"6":12,"7":12,"8":0,"9":2,"10":2,"11":0,"12":29,"13":15,"14":1,"15":15,"16":16,"17":2,"18":14,"19":15,"20":0,"21":45,"22":29,"23":29,"24":0,"25":29,"26":93,"27":93,"28":0,"29":93,"30":0,"31":93,"32":29,"33":29,"34":14,"35":14,"36":0,"37":0,"38":0,"39":0,"40":0,"41":0,"42":0,"43":50,"44":15,"45":15,"46":35,"47":18,"48":18,"49":17,"50":2,"51":2,"52":2,"53":15,"54":0,"55":0,"56":0,"57":15,"58":0,"59":15,"60":15,"61":49,"62":2,"63":2,"64":93,"65":15,"66":0,"67":15,"68":1,"69":1,"70":1,"71":1,"72":1,"73":1,"74":1,"75":1,"76":11,"77":11,"78":11,"79":11,"80":11,"81":11,"82":11,"83":11,"84":11,"85":4,"86":4,"87":15,"88":4,"89":4,"90":4,"91":4,"92":1,"93":3,"94":3,"95":2,"96":1,"97":1,"98":1,"99":2,"100":1,"101":1,"102":3,"103":1,"104":1,"105":1,"106":4,"107":11,"108":1,"109":1,"110":1,"111":11,"112":11,"113":11,"114":34,"115":11,"116":11,"117":11,"118":11,"119":10,"120":10,"121":10,"122":1,"123":1,"124":1,"125":11,"126":11,"127":4,"128":11,"129":11,"130":1,"131":1,"132":1,"133":1,"134":1,"135":1,"136":1,"137":27,"138":0,"139":16,"140":0,"141":2,"142":2,"143":2,"144":2,"145":2,"146":1,"147":1},"f":{"0":15,"1":14,"2":14,"3":15,"4":12,"5":2,"6":29,"7":15,"8":16,"9":0,"10":45,"11":29,"12":29,"13":1,"14":11,"15":4,"16":4,"17":15,"18":4,"19":1,"20":11,"21":11,"22":34,"23":4,"24":27,"25":0,"26":16,"27":0,"28":2},"b":{"0":[1,1,1],"1":[0,14],"2":[15,15],"3":[15,14],"4":[15,15],"5":[1,1,1],"6":[2,14],"7":[15,15],"8":[0,29],"9":[0,93],"10":[93,0,0],"11":[0,0],"12":[0,0],"13":[0,0],"14":[0,0],"15":[0,93],"16":[27,29,14,0,0,50],"17":[15,35],"18":[50,30,30],"19":[50,20],"20":[18,17],"21":[35,33,18,18],"22":[2,15],"23":[17,2],"24":[0,15],"25":[15,15],"26":[0,15],"27":[0,15],"28":[15,0],"29":[1,1,1],"30":[1,0],"31":[1,1],"32":[4,3,1,3,1,4],"33":[1,3],"34":[1,1],"35":[11,11,1,11],"36":[10,0],"37":[27,11],"38":[27,11],"39":[27,11],"40":[27,11],"41":[27,11],"42":[27,11],"43":[2,2]},"inputSourceMap":{"0":"{","1":"\"","2":"v","3":"e","4":"r","5":"s","6":"i","7":"o","8":"n","9":"\"","10":":","11":"3","12":",","13":"\"","14":"s","15":"o","16":"u","17":"r","18":"c","19":"e","20":"s","21":"\"","22":":","23":"[","24":"\"","25":"/","26":"U","27":"s","28":"e","29":"r","30":"s","31":"/","32":"s","33":"t","34":"e","35":"p","36":"h","37":"a","38":"n","39":"e","40":"b","41":"r","42":"a","43":"u","44":"l","45":"t","46":"/","47":"d","48":"e","49":"v","50":"/","51":"l","52":"a","53":"b","54":"/","55":"c","56":"a","57":"r","58":"-","59":"a","60":"u","61":"c","62":"t","63":"i","64":"o","65":"n","66":"/","67":"f","68":"r","69":"o","70":"n","71":"t","72":"e","73":"n","74":"d","75":"/","76":"s","77":"r","78":"c","79":"/","80":"c","81":"o","82":"m","83":"p","84":"o","85":"n","86":"e","87":"n","88":"t","89":"s","90":"/","91":"C","92":"a","93":"l","94":"c","95":"u","96":"l","97":"a","98":"t","99":"o","100":"r","101":"F","102":"o","103":"r","104":"m","105":".","106":"v","107":"u","108":"e","109":"\"","110":"]","111":",","112":"\"","113":"n","114":"a","115":"m","116":"e","117":"s","118":"\"","119":":","120":"[","121":"]","122":",","123":"\"","124":"m","125":"a","126":"p","127":"p","128":"i","129":"n","130":"g","131":"s","132":"\"","133":":","134":"\"","135":";","136":";","137":";","138":";","139":";","140":";","141":";","142":";","143":";","144":";","145":";","146":";","147":";","148":";","149":";","150":";","151":";","152":";","153":";","154":";","155":";","156":";","157":";","158":";","159":";","160":";","161":";","162":";","163":";","164":";","165":";","166":";","167":";","168":";","169":";","170":";","171":";","172":";","173":";","174":";","175":";","176":";","177":";","178":";","179":";","180":";","181":";","182":";","183":";","184":";","185":";","186":";","187":";","188":";","189":";","190":";","191":";","192":";","193":";","194":";","195":";","196":";","197":";","198":";","199":";","200":";","201":";","202":";","203":";","204":";","205":";","206":";","207":";","208":";","209":";","210":";","211":";","212":";","213":";","214":";","215":";","216":";","217":";","218":";","219":";","220":";","221":";","222":";","223":";","224":";","225":";","226":";","227":";","228":";","229":";","230":";","231":";","232":";","233":";","234":";","235":";","236":";","237":";","238":";","239":";","240":";","241":";","242":";","243":";","244":";","245":";","246":";","247":";","248":";","249":";","250":";","251":";","252":";","253":";","254":";","255":";","256":";","257":";","258":";","259":";","260":";","261":";","262":";","263":";","264":";","265":"A","266":"A","267":"q","268":"C","269":"A","270":";","271":"A","272":"A","273":"C","274":"A","275":";","276":"A","277":"A","278":"C","279":"A","280":";","281":";","282":";","283":";","284":";","285":";","286":";","287":";","288":";","289":";","290":";","291":";","292":";","293":";","294":";","295":"I","296":"A","297":"O","298":"A","299":",","300":"I","301":"A","302":"A","303":"M","304":",","305":"I","306":"A","307":"A","308":"I","309":",","310":"G","311":"A","312":"A","313":"G","314":",","315":"M","316":"A","317":"A","318":"M","319":";","320":"I","321":"A","322":"E","323":"n","324":"B","325":";","326":"I","327":"A","328":"C","329":"A","330":",","331":"I","332":"A","333":"A","334":"M","335":",","336":"q","337":"B","338":"A","339":"A","340":"q","341":"B","342":",","343":"G","344":"A","345":"A","346":"G","347":",","348":"a","349":"A","350":"A","351":"G","352":",","353":"E","354":"A","355":"A","356":"g","357":"B","358":",","359":"I","360":"A","361":"A","362":"I","363":",","364":"C","365":"A","366":"A","367":"C","368":";","369":"I","370":"A","371":"C","372":"t","373":"D","374":",","375":"I","376":"A","377":"A","378":"M","379":",","380":"Y","381":"A","382":"A","383":"Y","384":",","385":"G","386":"A","387":"A","388":"G","389":",","390":"a","391":"A","392":"A","393":"G","394":",","395":"E","396":"A","397":"A","398":"g","399":"B","400":",","401":"E","402":"A","403":"A","404":"E","405":",","406":"C","407":"A","408":"A","409":"C","410":";","411":"I","412":"A","413":"C","414":"3","415":"C","416":",","417":"I","418":"A","419":"A","420":"M","421":",","422":"Y","423":"A","424":"A","425":"Y","426":",","427":"G","428":"A","429":"A","430":"G","431":",","432":"a","433":"A","434":"A","435":"G","436":",","437":"E","438":"A","439":"A","440":"C","441":",","442":"C","443":"A","444":"A","445":"C","446":",","447":"C","448":"A","449":"A","450":"C","451":";","452":"I","453":"A","454":"E","455":"3","456":"B","457":";","458":";","459":";","460":"I","461":"A","462":"G","463":"A","464":",","465":"I","466":"A","467":"A","468":"M","469":",","470":"g","471":"B","472":"A","473":"A","474":"g","475":"B","476":",","477":"G","478":"A","479":"A","480":"G","481":";","482":"M","483":"A","484":"A","485":"A","486":";","487":";","488":";","489":";","490":";","491":";","492":"c","493":"A","494":"E","495":"f","496":",","497":"W","498":"A","499":"A","500":"W","501":",","502":"G","503":"A","504":"A","505":"G","506":",","507":"Y","508":"A","509":"A","510":"Y","511":",","512":"C","513":"A","514":"A","515":"C","516":",","517":"K","518":"A","519":"A","520":"K","521":",","522":"C","523":"A","524":"A","525":"C","526":",","527":"I","528":"A","529":"A","530":"I","531":",","532":"C","533":"A","534":"C","535":"z","536":"C","537":",","538":"U","539":"A","540":"A","541":"C","542":",","543":"I","544":"A","545":"A","546":"I","547":";","548":"g","549":"B","550":"A","551":"A","552":"K","553":",","554":"W","555":"A","556":"A","557":"I","558":",","559":"C","560":"A","561":"A","562":"C","563":",","564":"E","565":"A","566":"A","567":"E","568":",","569":"K","570":"A","571":"A","572":"K","573":",","574":"q","575":"B","576":"A","577":"A","578":"q","579":"B","580":",","581":"C","582":"A","583":"A","584":"C","585":",","586":"K","587":"A","588":"A","589":"K","590":";","591":"c","592":"A","593":"A","594":"v","595":"C","596":",","597":"C","598":"A","599":"A","600":"u","601":"C","602":",","603":"C","604":"A","605":"C","606":"l","607":"D","608":";","609":"m","610":"B","611":"A","612":"E","613":"G","614":",","615":"W","616":"A","617":"A","618":"W","619":",","620":"E","621":"A","622":"A","623":"X","624":";","625":"c","626":"A","627":"C","628":"q","629":"B","630":",","631":"q","632":"B","633":"A","634":"A","635":"M","636":",","637":"w","638":"B","639":"A","640":"A","641":"c","642":",","643":"C","644":"A","645":"A","646":"C","647":",","648":"i","649":"B","650":"A","651":"A","652":"i","653":"B","654":",","655":"C","656":"A","657":"C","658":"3","659":"D","660":",","661":"Y","662":"A","663":"A","664":"Y","665":",","666":"C","667":"A","668":"A","669":"C","670":",","671":"K","672":"A","673":"A","674":"K","675":",","676":"E","677":"A","678":"C","679":"l","680":"B","681":",","682":"W","683":"A","684":"A","685":"W","686":",","687":"C","688":"A","689":"A","690":"C","691":",","692":"E","693":"A","694":"A","695":"E","696":",","697":"C","698":"A","699":"C","700":"f","701":";","702":";","703":"c","704":"A","705":"H","706":"K","707":",","708":"c","709":"A","710":"A","711":"c","712":",","713":"G","714":"A","715":"A","716":"G","717":",","718":"S","719":"A","720":"G","721":"t","722":"B","723":";","724":"c","725":"A","726":"E","727":"D","728":",","729":"I","730":"A","731":"A","732":"I","733":",","734":"c","735":"A","736":"A","737":"c","738":",","739":"E","740":"A","741":"A","742":"E","743":";","744":"g","745":"B","746":"A","747":"C","748":"Z","749":",","750":"e","751":"A","752":"A","753":"e","754":",","755":"G","756":"A","757":"A","758":"o","759":"B","760":";","761":"k","762":"B","763":"A","764":"C","765":"v","766":"C","767":",","768":"e","769":"A","770":"A","771":"e","772":",","773":"E","774":"A","775":"A","776":"E","777":",","778":"W","779":"A","780":"A","781":"W","782":",","783":"C","784":"A","785":"A","786":"C","787":",","788":"I","789":"A","790":"A","791":"I","792":";","793":"k","794":"B","795":"A","796":"C","797":"j","798":"C","799":",","800":"S","801":"A","802":"A","803":"S","804":",","805":"E","806":"A","807":"A","808":"E","809":",","810":"Y","811":"A","812":"A","813":"Y","814":",","815":"C","816":"A","817":"A","818":"C","819":",","820":"K","821":"A","822":"A","823":"K","824":";","825":"k","826":"B","827":"A","828":"C","829":"7","830":"B","831":",","832":"c","833":"A","834":"A","835":"c","836":";","837":"i","838":"B","839":"A","840":"C","841":"f","842":";","843":"g","844":"B","845":"A","846":"E","847":"D","848":",","849":"I","850":"A","851":"A","852":"I","853":",","854":"C","855":"A","856":"A","857":"C","858":",","859":"w","860":"B","861":"A","862":"A","863":"w","864":"B","865":",","866":"E","867":"A","868":"A","869":"E","870":",","871":"e","872":"A","873":"A","874":"e","875":",","876":"C","877":"A","878":"A","879":"C","880":";","881":"e","882":"A","883":"C","884":"h","885":"D","886":",","887":"M","888":"A","889":"A","890":"M","891":";","892":"g","893":"B","894":"A","895":"C","896":"L","897":",","898":"O","899":"A","900":"A","901":"O","902":",","903":"C","904":"A","905":"A","906":"C","907":",","908":"K","909":"A","910":"A","911":"K","912":",","913":"C","914":"A","915":"A","916":"C","917":",","918":"4","919":"B","920":"A","921":"A","922":"4","923":"B","924":",","925":"C","926":"A","927":"A","928":"C","929":";","930":";","931":";","932":";","933":"c","934":"A","935":"G","936":"7","937":"C","938":",","939":"O","940":"A","941":"A","942":"O","943":",","944":"C","945":"A","946":"A","947":"C","948":",","949":"K","950":"A","951":"A","952":"K","953":",","954":"C","955":"A","956":"A","957":"C","958":",","959":"w","960":"B","961":"A","962":"A","963":"w","964":"B","965":",","966":"C","967":"A","968":"A","969":"C","970":";","971":";","972":";","973":";","974":";","975":";","976":"c","977":"A","978":"G","979":"z","980":"C","981":",","982":"O","983":"A","984":"A","985":"O","986":",","987":"C","988":"A","989":"A","990":"C","991":",","992":"K","993":"A","994":"A","995":"K","996":",","997":"C","998":"A","999":"A","1000":"C","1001":",","1002":"2","1003":"B","1004":"A","1005":"A","1006":"2","1007":"B","1008":",","1009":"E","1010":"A","1011":"A","1012":"E","1013":",","1014":"O","1015":"A","1016":"A","1017":"K","1018":",","1019":"C","1020":"A","1021":"A","1022":"C","1023":";","1024":";","1025":";","1026":";","1027":";","1028":";","1029":";","1030":"K","1031":"A","1032":"E","1033":"p","1034":"D","1035":";","1036":"I","1037":"A","1038":"E","1039":"D","1040":";","1041":";","1042":";","1043":"I","1044":"A","1045":"G","1046":"A","1047":",","1048":"I","1049":"A","1050":"A","1051":"M","1052":",","1053":"K","1054":"A","1055":"A","1056":"K","1057":",","1058":"G","1059":"A","1060":"A","1061":"G","1062":";","1063":"M","1064":"A","1065":"C","1066":"Z","1067":",","1068":"q","1069":"B","1070":"A","1071":"A","1072":"q","1073":"B","1074":",","1075":"C","1076":"A","1077":"A","1078":"C","1079":",","1080":"K","1081":"A","1082":"A","1083":"K","1084":",","1085":"G","1086":"A","1087":"A","1088":"G","1089":",","1090":"I","1091":"A","1092":"A","1093":"I","1094":";","1095":"M","1096":"A","1097":"C","1098":"l","1099":"C","1100":",","1101":"Y","1102":"A","1103":"A","1104":"Y","1105":",","1106":"C","1107":"A","1108":"A","1109":"C","1110":",","1111":"K","1112":"A","1113":"A","1114":"K","1115":",","1116":"G","1117":"A","1118":"A","1119":"G","1120":",","1121":"C","1122":"A","1123":"A","1124":"C","1125":";","1126":"M","1127":"A","1128":"C","1129":"t","1130":"B","1131":",","1132":"I","1133":"A","1134":"A","1135":"I","1136":",","1137":"C","1138":"A","1139":"A","1140":"C","1141":",","1142":"w","1143":"B","1144":"A","1145":"A","1146":"w","1147":"B","1148":",","1149":"E","1150":"A","1151":"A","1152":"E","1153":",","1154":"I","1155":"A","1156":"A","1157":"I","1158":",","1159":"C","1160":"A","1161":"A","1162":"C","1163":";","1164":"I","1165":"A","1166":"C","1167":"t","1168":"C","1169":",","1170":"C","1171":"A","1172":"A","1173":"C","1174":";","1175":"I","1176":"A","1177":"E","1178":"D","1179":",","1180":"m","1181":"B","1182":"A","1183":"A","1184":"S","1185":",","1186":"E","1187":"A","1188":"A","1189":"C","1190":";","1191":"M","1192":"A","1193":"A","1194":"A","1195":";","1196":";","1197":";","1198":";","1199":";","1200":";","1201":"c","1202":"A","1203":"E","1204":"N","1205":",","1206":"i","1207":"B","1208":"A","1209":"A","1210":"Y","1211":";","1212":"c","1213":"A","1214":"A","1215":"S","1216":",","1217":"q","1218":"B","1219":"A","1220":"A","1221":"M","1222":",","1223":"w","1224":"B","1225":"A","1226":"A","1227":"c","1228":",","1229":"C","1230":"A","1231":"A","1232":"C","1233":",","1234":"i","1235":"B","1236":"A","1237":"A","1238":"i","1239":"B","1240":",","1241":"E","1242":"A","1243":"A","1244":"E","1245":";","1246":";","1247":"c","1248":"A","1249":"A","1250":"7","1251":"D","1252":",","1253":"G","1254":"A","1255":"A","1256":"a","1257":",","1258":"K","1259":"A","1260":"A","1261":"K","1262":",","1263":"G","1264":"A","1265":"A","1266":"G","1267":",","1268":"S","1269":"A","1270":"A","1271":"w","1272":"C","1273":";","1274":"c","1275":"A","1276":"E","1277":"7","1278":"D","1279":",","1280":"I","1281":"A","1282":"A","1283":"I","1284":",","1285":"Y","1286":"A","1287":"A","1288":"Y","1289":",","1290":"C","1291":"A","1292":"A","1293":"C","1294":",","1295":"K","1296":"A","1297":"A","1298":"K","1299":",","1300":"C","1301":"A","1302":"A","1303":"C","1304":",","1305":"M","1306":"A","1307":"A","1308":"M","1309":",","1310":"G","1311":"A","1312":"A","1313":"G","1314":",","1315":"C","1316":"A","1317":"A","1318":"C","1319":",","1320":"E","1321":"A","1322":"A","1323":"E","1324":";","1325":"g","1326":"B","1327":"A","1328":"C","1329":"j","1330":"C","1331":",","1332":"q","1333":"B","1334":"A","1335":"A","1336":"q","1337":"B","1338":",","1339":"C","1340":"A","1341":"A","1342":"C","1343":",","1344":"K","1345":"A","1346":"A","1347":"K","1348":",","1349":"G","1350":"A","1351":"A","1352":"G","1353":",","1354":"Y","1355":"A","1356":"A","1357":"Y","1358":",","1359":"C","1360":"A","1361":"A","1362":"C","1363":",","1364":"K","1365":"A","1366":"A","1367":"K","1368":",","1369":"C","1370":"A","1371":"A","1372":"C","1373":",","1374":"C","1375":"A","1376":"A","1377":"C","1378":",","1379":"C","1380":"A","1381":"A","1382":"C","1383":",","1384":"C","1385":"A","1386":"A","1387":"C","1388":",","1389":"E","1390":"A","1391":"A","1392":"E","1393":";","1394":";","1395":";","1396":";","1397":";","1398":"c","1399":"A","1400":"G","1401":"x","1402":"D","1403":",","1404":"O","1405":"A","1406":"A","1407":"O","1408":",","1409":"C","1410":"A","1411":"A","1412":"C","1413":",","1414":"K","1415":"A","1416":"A","1417":"K","1418":",","1419":"C","1420":"A","1421":"A","1422":"C","1423":",","1424":"8","1425":"B","1426":"A","1427":"A","1428":"8","1429":"B","1430":",","1431":"E","1432":"A","1433":"A","1434":"E","1435":",","1436":"O","1437":"A","1438":"A","1439":"K","1440":",","1441":"C","1442":"A","1443":"A","1444":"C","1445":";","1446":";","1447":";","1448":";","1449":";","1450":";","1451":";","1452":"K","1453":"A","1454":"E","1455":"v","1456":"D","1457":",","1458":"C","1459":"A","1460":"A","1461":"C","1462":"\"","1463":",","1464":"\"","1465":"f","1466":"i","1467":"l","1468":"e","1469":"\"","1470":":","1471":"\"","1472":"/","1473":"U","1474":"s","1475":"e","1476":"r","1477":"s","1478":"/","1479":"s","1480":"t","1481":"e","1482":"p","1483":"h","1484":"a","1485":"n","1486":"e","1487":"b","1488":"r","1489":"a","1490":"u","1491":"l","1492":"t","1493":"/","1494":"d","1495":"e","1496":"v","1497":"/","1498":"l","1499":"a","1500":"b","1501":"/","1502":"c","1503":"a","1504":"r","1505":"-","1506":"a","1507":"u","1508":"c","1509":"t","1510":"i","1511":"o","1512":"n","1513":"/","1514":"f","1515":"r","1516":"o","1517":"n","1518":"t","1519":"e","1520":"n","1521":"d","1522":"/","1523":"s","1524":"r","1525":"c","1526":"/","1527":"c","1528":"o","1529":"m","1530":"p","1531":"o","1532":"n","1533":"e","1534":"n","1535":"t","1536":"s","1537":"/","1538":"C","1539":"a","1540":"l","1541":"c","1542":"u","1543":"l","1544":"a","1545":"t","1546":"o","1547":"r","1548":"F","1549":"o","1550":"r","1551":"m","1552":".","1553":"v","1554":"u","1555":"e","1556":"\"","1557":",","1558":"\"","1559":"s","1560":"o","1561":"u","1562":"r","1563":"c","1564":"e","1565":"s","1566":"C","1567":"o","1568":"n","1569":"t","1570":"e","1571":"n","1572":"t","1573":"\"","1574":":","1575":"[","1576":"\"","1577":"<","1578":"t","1579":"e","1580":"m","1581":"p","1582":"l","1583":"a","1584":"t","1585":"e","1586":">","1587":"\\","1588":"n","1589":" ","1590":" ","1591":"<","1592":"f","1593":"o","1594":"r","1595":"m","1596":" ","1597":"c","1598":"l","1599":"a","1600":"s","1601":"s","1602":"=","1603":"\\","1604":"\"","1605":"f","1606":"l","1607":"e","1608":"x","1609":"\\","1610":"\"","1611":" ","1612":"i","1613":"d","1614":"=","1615":"\\","1616":"\"","1617":"c","1618":"a","1619":"l","1620":"c","1621":"u","1622":"l","1623":"a","1624":"t","1625":"o","1626":"r","1627":"-","1628":"f","1629":"o","1630":"r","1631":"m","1632":"\\","1633":"\"","1634":">","1635":"\\","1636":"n","1637":" ","1638":" ","1639":" ","1640":" ","1641":"<","1642":"h","1643":"1","1644":">","1645":"B","1646":"i","1647":"d","1648":" ","1649":"C","1650":"a","1651":"l","1652":"c","1653":"u","1654":"l","1655":"a","1656":"t","1657":"i","1658":"o","1659":"n","1660":" ","1661":"T","1662":"o","1663":"o","1664":"l","1665":"<","1666":"/","1667":"h","1668":"1","1669":">","1670":"\\","1671":"n","1672":" ","1673":" ","1674":" ","1675":" ","1676":"<","1677":"d","1678":"i","1679":"v","1680":" ","1681":"c","1682":"l","1683":"a","1684":"s","1685":"s","1686":"=","1687":"\\","1688":"\"","1689":"r","1690":"o","1691":"w","1692":"\\","1693":"\"","1694":">","1695":"\\","1696":"n","1697":" ","1698":" ","1699":" ","1700":" ","1701":" ","1702":" ","1703":"<","1704":"l","1705":"a","1706":"b","1707":"e","1708":"l","1709":" ","1710":"f","1711":"o","1712":"r","1713":"=","1714":"\\","1715":"\"","1716":"v","1717":"e","1718":"h","1719":"i","1720":"c","1721":"l","1722":"e","1723":"-","1724":"t","1725":"y","1726":"p","1727":"e","1728":"\\","1729":"\"","1730":">","1731":"V","1732":"e","1733":"h","1734":"i","1735":"c","1736":"l","1737":"e","1738":" ","1739":"T","1740":"y","1741":"p","1742":"e","1743":":","1744":"<","1745":"/","1746":"l","1747":"a","1748":"b","1749":"e","1750":"l","1751":">","1752":"\\","1753":"n","1754":" ","1755":" ","1756":" ","1757":" ","1758":" ","1759":" ","1760":"<","1761":"s","1762":"e","1763":"l","1764":"e","1765":"c","1766":"t","1767":"\\","1768":"n","1769":" ","1770":" ","1771":" ","1772":" ","1773":" ","1774":" ","1775":" ","1776":" ","1777":"v","1778":"-","1779":"m","1780":"o","1781":"d","1782":"e","1783":"l","1784":"=","1785":"\\","1786":"\"","1787":"s","1788":"e","1789":"l","1790":"e","1791":"c","1792":"t","1793":"e","1794":"d","1795":"V","1796":"e","1797":"h","1798":"i","1799":"c","1800":"l","1801":"e","1802":"T","1803":"y","1804":"p","1805":"e","1806":"I","1807":"d","1808":"\\","1809":"\"","1810":"\\","1811":"n","1812":" ","1813":" ","1814":" ","1815":" ","1816":" ","1817":" ","1818":" ","1819":" ","1820":"c","1821":"l","1822":"a","1823":"s","1824":"s","1825":"=","1826":"\\","1827":"\"","1828":"f","1829":"o","1830":"r","1831":"m","1832":"-","1833":"c","1834":"o","1835":"n","1836":"t","1837":"r","1838":"o","1839":"l","1840":"\\","1841":"\"","1842":"\\","1843":"n","1844":" ","1845":" ","1846":" ","1847":" ","1848":" ","1849":" ","1850":" ","1851":" ","1852":"i","1853":"d","1854":"=","1855":"\\","1856":"\"","1857":"v","1858":"e","1859":"h","1860":"i","1861":"c","1862":"l","1863":"e","1864":"-","1865":"t","1866":"y","1867":"p","1868":"e","1869":"\\","1870":"\"","1871":"\\","1872":"n","1873":" ","1874":" ","1875":" ","1876":" ","1877":" ","1878":" ","1879":">","1880":"\\","1881":"n","1882":" ","1883":" ","1884":" ","1885":" ","1886":" ","1887":" ","1888":" ","1889":" ","1890":"<","1891":"o","1892":"p","1893":"t","1894":"i","1895":"o","1896":"n","1897":" ","1898":"v","1899":"-","1900":"f","1901":"o","1902":"r","1903":"=","1904":"\\","1905":"\"","1906":"t","1907":"y","1908":"p","1909":"e","1910":" ","1911":"i","1912":"n","1913":" ","1914":"v","1915":"e","1916":"h","1917":"i","1918":"c","1919":"l","1920":"e","1921":"T","1922":"y","1923":"p","1924":"e","1925":"s","1926":"\\","1927":"\"","1928":" ","1929":":","1930":"k","1931":"e","1932":"y","1933":"=","1934":"\\","1935":"\"","1936":"t","1937":"y","1938":"p","1939":"e","1940":".","1941":"i","1942":"d","1943":"\\","1944":"\"","1945":" ","1946":":","1947":"v","1948":"a","1949":"l","1950":"u","1951":"e","1952":"=","1953":"\\","1954":"\"","1955":"t","1956":"y","1957":"p","1958":"e","1959":".","1960":"i","1961":"d","1962":"\\","1963":"\"","1964":">","1965":"\\","1966":"n","1967":" ","1968":" ","1969":" ","1970":" ","1971":" ","1972":" ","1973":" ","1974":" ","1975":" ","1976":" ","1977":"{","1978":"{","1979":" ","1980":"t","1981":"y","1982":"p","1983":"e","1984":".","1985":"n","1986":"a","1987":"m","1988":"e","1989":" ","1990":"}","1991":"}","1992":"\\","1993":"n","1994":" ","1995":" ","1996":" ","1997":" ","1998":" ","1999":" ","2000":" ","2001":" ","2002":"<","2003":"/","2004":"o","2005":"p","2006":"t","2007":"i","2008":"o","2009":"n","2010":">","2011":"\\","2012":"n","2013":" ","2014":" ","2015":" ","2016":" ","2017":" ","2018":" ","2019":"<","2020":"/","2021":"s","2022":"e","2023":"l","2024":"e","2025":"c","2026":"t","2027":">","2028":"\\","2029":"n","2030":" ","2031":" ","2032":" ","2033":" ","2034":"<","2035":"/","2036":"d","2037":"i","2038":"v","2039":">","2040":"\\","2041":"n","2042":" ","2043":" ","2044":" ","2045":" ","2046":"<","2047":"d","2048":"i","2049":"v","2050":" ","2051":"c","2052":"l","2053":"a","2054":"s","2055":"s","2056":"=","2057":"\\","2058":"\"","2059":"r","2060":"o","2061":"w","2062":"\\","2063":"\"","2064":">","2065":"\\","2066":"n","2067":" ","2068":" ","2069":" ","2070":" ","2071":" ","2072":" ","2073":"<","2074":"l","2075":"a","2076":"b","2077":"e","2078":"l","2079":" ","2080":"f","2081":"o","2082":"r","2083":"=","2084":"\\","2085":"\"","2086":"v","2087":"e","2088":"h","2089":"i","2090":"c","2091":"l","2092":"e","2093":"-","2094":"p","2095":"r","2096":"i","2097":"c","2098":"e","2099":"\\","2100":"\"","2101":">","2102":"V","2103":"e","2104":"h","2105":"i","2106":"c","2107":"l","2108":"e","2109":" ","2110":"P","2111":"r","2112":"i","2113":"c","2114":"e","2115":":","2116":"<","2117":"/","2118":"l","2119":"a","2120":"b","2121":"e","2122":"l","2123":">","2124":"\\","2125":"n","2126":" ","2127":" ","2128":" ","2129":" ","2130":" ","2131":" ","2132":"<","2133":"i","2134":"n","2135":"p","2136":"u","2137":"t","2138":"\\","2139":"n","2140":" ","2141":" ","2142":" ","2143":" ","2144":" ","2145":" ","2146":" ","2147":" ","2148":"t","2149":"y","2150":"p","2151":"e","2152":"=","2153":"\\","2154":"\"","2155":"n","2156":"u","2157":"m","2158":"b","2159":"e","2160":"r","2161":"\\","2162":"\"","2163":"\\","2164":"n","2165":" ","2166":" ","2167":" ","2168":" ","2169":" ","2170":" ","2171":" ","2172":" ","2173":"m","2174":"i","2175":"n","2176":"=","2177":"\\","2178":"\"","2179":"0","2180":"\\","2181":"\"","2182":"\\","2183":"n","2184":" ","2185":" ","2186":" ","2187":" ","2188":" ","2189":" ","2190":" ","2191":" ","2192":"c","2193":"l","2194":"a","2195":"s","2196":"s","2197":"=","2198":"\\","2199":"\"","2200":"f","2201":"o","2202":"r","2203":"m","2204":"-","2205":"c","2206":"o","2207":"n","2208":"t","2209":"r","2210":"o","2211":"l","2212":"\\","2213":"\"","2214":"\\","2215":"n","2216":" ","2217":" ","2218":" ","2219":" ","2220":" ","2221":" ","2222":" ","2223":" ","2224":"i","2225":"d","2226":"=","2227":"\\","2228":"\"","2229":"v","2230":"e","2231":"h","2232":"i","2233":"c","2234":"l","2235":"e","2236":"-","2237":"p","2238":"r","2239":"i","2240":"c","2241":"e","2242":"\\","2243":"\"","2244":"\\","2245":"n","2246":" ","2247":" ","2248":" ","2249":" ","2250":" ","2251":" ","2252":" ","2253":" ","2254":"v","2255":"a","2256":"l","2257":"u","2258":"e","2259":"=","2260":"\\","2261":"\"","2262":"0","2263":"\\","2264":"\"","2265":"\\","2266":"n","2267":" ","2268":" ","2269":" ","2270":" ","2271":" ","2272":" ","2273":" ","2274":" ","2275":"v","2276":"-","2277":"m","2278":"o","2279":"d","2280":"e","2281":"l","2282":"=","2283":"\\","2284":"\"","2285":"v","2286":"e","2287":"h","2288":"i","2289":"c","2290":"l","2291":"e","2292":"P","2293":"r","2294":"i","2295":"c","2296":"e","2297":"\\","2298":"\"","2299":"\\","2300":"n","2301":" ","2302":" ","2303":" ","2304":" ","2305":" ","2306":" ","2307":" ","2308":" ","2309":"@","2310":"k","2311":"e","2312":"y","2313":"d","2314":"o","2315":"w","2316":"n","2317":"=","2318":"\\","2319":"\"","2320":"v","2321":"a","2322":"l","2323":"i","2324":"d","2325":"a","2326":"t","2327":"e","2328":"P","2329":"r","2330":"i","2331":"c","2332":"e","2333":"\\","2334":"\"","2335":"\\","2336":"n","2337":" ","2338":" ","2339":" ","2340":" ","2341":" ","2342":" ","2343":"/","2344":">","2345":"\\","2346":"n","2347":" ","2348":" ","2349":" ","2350":" ","2351":"<","2352":"/","2353":"d","2354":"i","2355":"v","2356":">","2357":"\\","2358":"n","2359":" ","2360":" ","2361":" ","2362":" ","2363":"<","2364":"d","2365":"i","2366":"v","2367":" ","2368":"c","2369":"l","2370":"a","2371":"s","2372":"s","2373":"=","2374":"\\","2375":"\"","2376":"r","2377":"o","2378":"w","2379":" ","2380":"f","2381":"o","2382":"r","2383":"m","2384":"-","2385":"f","2386":"o","2387":"o","2388":"t","2389":"e","2390":"r","2391":"\\","2392":"\"","2393":">","2394":"\\","2395":"n","2396":" ","2397":" ","2398":" ","2399":" ","2400":" ","2401":" ","2402":"<","2403":"b","2404":"u","2405":"t","2406":"t","2407":"o","2408":"n","2409":" ","2410":"t","2411":"y","2412":"p","2413":"e","2414":"=","2415":"\\","2416":"\"","2417":"r","2418":"e","2419":"s","2420":"e","2421":"t","2422":"\\","2423":"\"","2424":" ","2425":"c","2426":"l","2427":"a","2428":"s","2429":"s","2430":"=","2431":"\\","2432":"\"","2433":"r","2434":"e","2435":"s","2436":"e","2437":"t","2438":"-","2439":"b","2440":"u","2441":"t","2442":"t","2443":"o","2444":"n","2445":"\\","2446":"\"","2447":" ","2448":"@","2449":"c","2450":"l","2451":"i","2452":"c","2453":"k","2454":"=","2455":"\\","2456":"\"","2457":"r","2458":"e","2459":"s","2460":"e","2461":"t","2462":"\\","2463":"\"","2464":">","2465":"R","2466":"e","2467":"s","2468":"e","2469":"t","2470":"<","2471":"/","2472":"b","2473":"u","2474":"t","2475":"t","2476":"o","2477":"n","2478":">","2479":"\\","2480":"n","2481":" ","2482":" ","2483":" ","2484":" ","2485":" ","2486":" ","2487":"<","2488":"b","2489":"u","2490":"t","2491":"t","2492":"o","2493":"n","2494":" ","2495":"t","2496":"y","2497":"p","2498":"e","2499":"=","2500":"\\","2501":"\"","2502":"b","2503":"u","2504":"t","2505":"t","2506":"o","2507":"n","2508":"\\","2509":"\"","2510":" ","2511":"c","2512":"l","2513":"a","2514":"s","2515":"s","2516":"=","2517":"\\","2518":"\"","2519":"s","2520":"u","2521":"b","2522":"m","2523":"i","2524":"t","2525":"-","2526":"b","2527":"t","2528":"n","2529":"\\","2530":"\"","2531":" ","2532":"@","2533":"c","2534":"l","2535":"i","2536":"c","2537":"k","2538":"=","2539":"\\","2540":"\"","2541":"h","2542":"a","2543":"n","2544":"d","2545":"l","2546":"e","2547":"F","2548":"o","2549":"r","2550":"m","2551":"S","2552":"u","2553":"b","2554":"m","2555":"i","2556":"t","2557":"\\","2558":"\"","2559":">","2560":"\\","2561":"n","2562":" ","2563":" ","2564":" ","2565":" ","2566":" ","2567":" ","2568":" ","2569":" ","2570":"C","2571":"a","2572":"l","2573":"c","2574":"u","2575":"l","2576":"a","2577":"t","2578":"e","2579":"\\","2580":"n","2581":" ","2582":" ","2583":" ","2584":" ","2585":" ","2586":" ","2587":"<","2588":"/","2589":"b","2590":"u","2591":"t","2592":"t","2593":"o","2594":"n","2595":">","2596":"\\","2597":"n","2598":" ","2599":" ","2600":" ","2601":" ","2602":"<","2603":"/","2604":"d","2605":"i","2606":"v","2607":">","2608":"\\","2609":"n","2610":" ","2611":" ","2612":"<","2613":"/","2614":"f","2615":"o","2616":"r","2617":"m","2618":">","2619":"\\","2620":"n","2621":"<","2622":"/","2623":"t","2624":"e","2625":"m","2626":"p","2627":"l","2628":"a","2629":"t","2630":"e","2631":">","2632":"\\","2633":"n","2634":"\\","2635":"n","2636":"<","2637":"s","2638":"c","2639":"r","2640":"i","2641":"p","2642":"t","2643":" ","2644":"s","2645":"e","2646":"t","2647":"u","2648":"p","2649":" ","2650":"l","2651":"a","2652":"n","2653":"g","2654":"=","2655":"\\","2656":"\"","2657":"t","2658":"s","2659":"\\","2660":"\"","2661":">","2662":"\\","2663":"n","2664":"i","2665":"m","2666":"p","2667":"o","2668":"r","2669":"t","2670":" ","2671":"{","2672":" ","2673":"r","2674":"e","2675":"f","2676":",","2677":" ","2678":"d","2679":"e","2680":"f","2681":"i","2682":"n","2683":"e","2684":"P","2685":"r","2686":"o","2687":"p","2688":"s","2689":",","2690":" ","2691":"d","2692":"e","2693":"f","2694":"i","2695":"n","2696":"e","2697":"E","2698":"m","2699":"i","2700":"t","2701":"s","2702":",","2703":" ","2704":"o","2705":"n","2706":"M","2707":"o","2708":"u","2709":"n","2710":"t","2711":"e","2712":"d","2713":" ","2714":"}","2715":" ","2716":"f","2717":"r","2718":"o","2719":"m","2720":" ","2721":"\\","2722":"\"","2723":"v","2724":"u","2725":"e","2726":"\\","2727":"\"","2728":";","2729":"\\","2730":"n","2731":"i","2732":"m","2733":"p","2734":"o","2735":"r","2736":"t","2737":" ","2738":"v","2739":"e","2740":"h","2741":"i","2742":"c","2743":"l","2744":"e","2745":"S","2746":"e","2747":"r","2748":"v","2749":"i","2750":"c","2751":"e","2752":" ","2753":"f","2754":"r","2755":"o","2756":"m","2757":" ","2758":"\\","2759":"\"","2760":"@","2761":"/","2762":"s","2763":"e","2764":"r","2765":"v","2766":"i","2767":"c","2768":"e","2769":"s","2770":"/","2771":"V","2772":"e","2773":"h","2774":"i","2775":"c","2776":"l","2777":"e","2778":"S","2779":"e","2780":"r","2781":"v","2782":"i","2783":"c","2784":"e","2785":"\\","2786":"\"","2787":";","2788":"\\","2789":"n","2790":"i","2791":"m","2792":"p","2793":"o","2794":"r","2795":"t","2796":" ","2797":"{","2798":" ","2799":"v","2800":"a","2801":"l","2802":"i","2803":"d","2804":"a","2805":"t","2806":"e","2807":"P","2808":"r","2809":"i","2810":"c","2811":"e","2812":" ","2813":"}","2814":" ","2815":"f","2816":"r","2817":"o","2818":"m","2819":" ","2820":"\\","2821":"\"","2822":"@","2823":"/","2824":"u","2825":"t","2826":"i","2827":"l","2828":"s","2829":"/","2830":"v","2831":"a","2832":"l","2833":"i","2834":"d","2835":"a","2836":"t","2837":"i","2838":"o","2839":"n","2840":"\\","2841":"\"","2842":";","2843":"\\","2844":"n","2845":"i","2846":"m","2847":"p","2848":"o","2849":"r","2850":"t","2851":" ","2852":"{","2853":" ","2854":"R","2855":"e","2856":"s","2857":"u","2858":"l","2859":"t","2860":"T","2861":"a","2862":"b","2863":"l","2864":"e","2865":"D","2866":"a","2867":"t","2868":"a","2869":",","2870":" ","2871":"V","2872":"e","2873":"h","2874":"i","2875":"c","2876":"l","2877":"e","2878":"T","2879":"y","2880":"p","2881":"e","2882":" ","2883":"}","2884":" ","2885":"f","2886":"r","2887":"o","2888":"m","2889":" ","2890":"\\","2891":"\"","2892":"@","2893":"/","2894":"t","2895":"y","2896":"p","2897":"e","2898":"s","2899":"/","2900":"t","2901":"y","2902":"p","2903":"e","2904":"s","2905":"\\","2906":"\"","2907":";","2908":"\\","2909":"n","2910":"\\","2911":"n","2912":"d","2913":"e","2914":"f","2915":"i","2916":"n","2917":"e","2918":"P","2919":"r","2920":"o","2921":"p","2922":"s","2923":"<","2924":"{","2925":"\\","2926":"n","2927":" ","2928":" ","2929":"r","2930":"e","2931":"s","2932":"u","2933":"l","2934":"t","2935":"T","2936":"a","2937":"b","2938":"l","2939":"e","2940":"D","2941":"a","2942":"t","2943":"a","2944":":","2945":" ","2946":"R","2947":"e","2948":"s","2949":"u","2950":"l","2951":"t","2952":"T","2953":"a","2954":"b","2955":"l","2956":"e","2957":"D","2958":"a","2959":"t","2960":"a","2961":" ","2962":"|","2963":" ","2964":"n","2965":"u","2966":"l","2967":"l","2968":";","2969":"\\","2970":"n","2971":"}","2972":">","2973":"(","2974":")","2975":";","2976":"\\","2977":"n","2978":"\\","2979":"n","2980":"c","2981":"o","2982":"n","2983":"s","2984":"t","2985":" ","2986":"e","2987":"m","2988":"i","2989":"t","2990":" ","2991":"=","2992":" ","2993":"d","2994":"e","2995":"f","2996":"i","2997":"n","2998":"e","2999":"E","3000":"m","3001":"i","3002":"t","3003":"s","3004":"(","3005":"[","3006":"\\","3007":"\"","3008":"u","3009":"p","3010":"d","3011":"a","3012":"t","3013":"e","3014":":","3015":"r","3016":"e","3017":"s","3018":"u","3019":"l","3020":"t","3021":"T","3022":"a","3023":"b","3024":"l","3025":"e","3026":"D","3027":"a","3028":"t","3029":"a","3030":"\\","3031":"\"","3032":"]","3033":")","3034":";","3035":"\\","3036":"n","3037":"\\","3038":"n","3039":"/","3040":"/","3041":" ","3042":"L","3043":"o","3044":"c","3045":"a","3046":"l","3047":" ","3048":"s","3049":"t","3050":"a","3051":"t","3052":"e","3053":"\\","3054":"n","3055":"c","3056":"o","3057":"n","3058":"s","3059":"t","3060":" ","3061":"s","3062":"e","3063":"l","3064":"e","3065":"c","3066":"t","3067":"e","3068":"d","3069":"V","3070":"e","3071":"h","3072":"i","3073":"c","3074":"l","3075":"e","3076":"T","3077":"y","3078":"p","3079":"e","3080":"I","3081":"d","3082":" ","3083":"=","3084":" ","3085":"r","3086":"e","3087":"f","3088":"<","3089":"n","3090":"u","3091":"m","3092":"b","3093":"e","3094":"r","3095":" ","3096":"|","3097":" ","3098":"n","3099":"u","3100":"l","3101":"l","3102":">","3103":"(","3104":"n","3105":"u","3106":"l","3107":"l","3108":")","3109":";","3110":"\\","3111":"n","3112":"c","3113":"o","3114":"n","3115":"s","3116":"t","3117":" ","3118":"v","3119":"e","3120":"h","3121":"i","3122":"c","3123":"l","3124":"e","3125":"T","3126":"y","3127":"p","3128":"e","3129":"s","3130":" ","3131":"=","3132":" ","3133":"r","3134":"e","3135":"f","3136":"<","3137":"V","3138":"e","3139":"h","3140":"i","3141":"c","3142":"l","3143":"e","3144":"T","3145":"y","3146":"p","3147":"e","3148":"[","3149":"]","3150":">","3151":"(","3152":"[","3153":"]","3154":")","3155":";","3156":"\\","3157":"n","3158":"c","3159":"o","3160":"n","3161":"s","3162":"t","3163":" ","3164":"v","3165":"e","3166":"h","3167":"i","3168":"c","3169":"l","3170":"e","3171":"P","3172":"r","3173":"i","3174":"c","3175":"e","3176":" ","3177":"=","3178":" ","3179":"r","3180":"e","3181":"f","3182":"(","3183":"0","3184":")","3185":";","3186":"\\","3187":"n","3188":"\\","3189":"n","3190":"/","3191":"*","3192":"*","3193":"\\","3194":"n","3195":" ","3196":"*","3197":" ","3198":"H","3199":"a","3200":"n","3201":"d","3202":"l","3203":"e","3204":" ","3205":"f","3206":"o","3207":"r","3208":"m","3209":" ","3210":"s","3211":"u","3212":"b","3213":"m","3214":"i","3215":"s","3216":"s","3217":"i","3218":"o","3219":"n","3220":"\\","3221":"n","3222":" ","3223":"*","3224":"/","3225":"\\","3226":"n","3227":"c","3228":"o","3229":"n","3230":"s","3231":"t","3232":" ","3233":"h","3234":"a","3235":"n","3236":"d","3237":"l","3238":"e","3239":"F","3240":"o","3241":"r","3242":"m","3243":"S","3244":"u","3245":"b","3246":"m","3247":"i","3248":"t","3249":" ","3250":"=","3251":" ","3252":"a","3253":"s","3254":"y","3255":"n","3256":"c","3257":" ","3258":"(","3259":")","3260":" ","3261":"=","3262":">","3263":" ","3264":"{","3265":"\\","3266":"n","3267":" ","3268":" ","3269":"t","3270":"r","3271":"y","3272":" ","3273":"{","3274":"\\","3275":"n","3276":" ","3277":" ","3278":" ","3279":" ","3280":"c","3281":"o","3282":"n","3283":"s","3284":"t","3285":" ","3286":"v","3287":"e","3288":"h","3289":"i","3290":"c","3291":"l","3292":"e","3293":"T","3294":"y","3295":"p","3296":"e","3297":" ","3298":"=","3299":" ","3300":"v","3301":"e","3302":"h","3303":"i","3304":"c","3305":"l","3306":"e","3307":"T","3308":"y","3309":"p","3310":"e","3311":"s","3312":".","3313":"v","3314":"a","3315":"l","3316":"u","3317":"e","3318":".","3319":"f","3320":"i","3321":"n","3322":"d","3323":"(","3324":"\\","3325":"n","3326":" ","3327":" ","3328":" ","3329":" ","3330":" ","3331":" ","3332":"(","3333":"t","3334":"y","3335":"p","3336":"e","3337":")","3338":" ","3339":"=","3340":">","3341":" ","3342":"t","3343":"y","3344":"p","3345":"e","3346":".","3347":"i","3348":"d","3349":" ","3350":"=","3351":"=","3352":"=","3353":" ","3354":"s","3355":"e","3356":"l","3357":"e","3358":"c","3359":"t","3360":"e","3361":"d","3362":"V","3363":"e","3364":"h","3365":"i","3366":"c","3367":"l","3368":"e","3369":"T","3370":"y","3371":"p","3372":"e","3373":"I","3374":"d","3375":".","3376":"v","3377":"a","3378":"l","3379":"u","3380":"e","3381":"\\","3382":"n","3383":" ","3384":" ","3385":" ","3386":" ","3387":")","3388":";","3389":"\\","3390":"n","3391":"\\","3392":"n","3393":" ","3394":" ","3395":" ","3396":" ","3397":"i","3398":"f","3399":" ","3400":"(","3401":"v","3402":"e","3403":"h","3404":"i","3405":"c","3406":"l","3407":"e","3408":"T","3409":"y","3410":"p","3411":"e","3412":")","3413":" ","3414":"{","3415":"\\","3416":"n","3417":" ","3418":" ","3419":" ","3420":" ","3421":" ","3422":" ","3423":"c","3424":"o","3425":"n","3426":"s","3427":"t","3428":" ","3429":"c","3430":"a","3431":"r","3432":"P","3433":"r","3434":"i","3435":"c","3436":"e","3437":"R","3438":"e","3439":"s","3440":"u","3441":"l","3442":"t","3443":" ","3444":"=","3445":" ","3446":"a","3447":"w","3448":"a","3449":"i","3450":"t","3451":" ","3452":"v","3453":"e","3454":"h","3455":"i","3456":"c","3457":"l","3458":"e","3459":"S","3460":"e","3461":"r","3462":"v","3463":"i","3464":"c","3465":"e","3466":".","3467":"c","3468":"a","3469":"l","3470":"c","3471":"u","3472":"l","3473":"a","3474":"t","3475":"e","3476":"C","3477":"a","3478":"r","3479":"P","3480":"r","3481":"i","3482":"c","3483":"e","3484":"(","3485":"\\","3486":"n","3487":" ","3488":" ","3489":" ","3490":" ","3491":" ","3492":" ","3493":" ","3494":" ","3495":"v","3496":"e","3497":"h","3498":"i","3499":"c","3500":"l","3501":"e","3502":"P","3503":"r","3504":"i","3505":"c","3506":"e","3507":".","3508":"v","3509":"a","3510":"l","3511":"u","3512":"e","3513":",","3514":"\\","3515":"n","3516":" ","3517":" ","3518":" ","3519":" ","3520":" ","3521":" ","3522":" ","3523":" ","3524":"v","3525":"e","3526":"h","3527":"i","3528":"c","3529":"l","3530":"e","3531":"T","3532":"y","3533":"p","3534":"e","3535":".","3536":"i","3537":"d","3538":"\\","3539":"n","3540":" ","3541":" ","3542":" ","3543":" ","3544":" ","3545":" ","3546":")","3547":";","3548":"\\","3549":"n","3550":"\\","3551":"n","3552":" ","3553":" ","3554":" ","3555":" ","3556":" ","3557":" ","3558":"i","3559":"f","3560":" ","3561":"(","3562":"c","3563":"a","3564":"r","3565":"P","3566":"r","3567":"i","3568":"c","3569":"e","3570":"R","3571":"e","3572":"s","3573":"u","3574":"l","3575":"t","3576":")","3577":" ","3578":"{","3579":"\\","3580":"n","3581":" ","3582":" ","3583":" ","3584":" ","3585":" ","3586":" ","3587":" ","3588":" ","3589":"c","3590":"o","3591":"n","3592":"s","3593":"t","3594":" ","3595":"r","3596":"e","3597":"s","3598":"u","3599":"l","3600":"t","3601":"T","3602":"a","3603":"b","3604":"l","3605":"e","3606":"D","3607":"a","3608":"t","3609":"a","3610":":","3611":" ","3612":"R","3613":"e","3614":"s","3615":"u","3616":"l","3617":"t","3618":"T","3619":"a","3620":"b","3621":"l","3622":"e","3623":"D","3624":"a","3625":"t","3626":"a","3627":" ","3628":"=","3629":" ","3630":"{","3631":"\\","3632":"n","3633":" ","3634":" ","3635":" ","3636":" ","3637":" ","3638":" ","3639":" ","3640":" ","3641":" ","3642":" ","3643":"v","3644":"e","3645":"h","3646":"i","3647":"c","3648":"l","3649":"e","3650":"T","3651":"y","3652":"p","3653":"e","3654":"N","3655":"a","3656":"m","3657":"e","3658":":","3659":" ","3660":"v","3661":"e","3662":"h","3663":"i","3664":"c","3665":"l","3666":"e","3667":"T","3668":"y","3669":"p","3670":"e","3671":".","3672":"n","3673":"a","3674":"m","3675":"e","3676":",","3677":"\\","3678":"n","3679":" ","3680":" ","3681":" ","3682":" ","3683":" ","3684":" ","3685":" ","3686":" ","3687":" ","3688":" ","3689":"b","3690":"a","3691":"s","3692":"e","3693":"P","3694":"r","3695":"i","3696":"c","3697":"e","3698":":","3699":" ","3700":"v","3701":"e","3702":"h","3703":"i","3704":"c","3705":"l","3706":"e","3707":"P","3708":"r","3709":"i","3710":"c","3711":"e","3712":".","3713":"v","3714":"a","3715":"l","3716":"u","3717":"e","3718":",","3719":"\\","3720":"n","3721":" ","3722":" ","3723":" ","3724":" ","3725":" ","3726":" ","3727":" ","3728":" ","3729":" ","3730":" ","3731":"c","3732":"a","3733":"r","3734":"P","3735":"r","3736":"i","3737":"c","3738":"e","3739":"R","3740":"e","3741":"s","3742":"u","3743":"l","3744":"t","3745":",","3746":"\\","3747":"n","3748":" ","3749":" ","3750":" ","3751":" ","3752":" ","3753":" ","3754":" ","3755":" ","3756":"}","3757":";","3758":"\\","3759":"n","3760":"\\","3761":"n","3762":" ","3763":" ","3764":" ","3765":" ","3766":" ","3767":" ","3768":" ","3769":" ","3770":"e","3771":"m","3772":"i","3773":"t","3774":"(","3775":"\\","3776":"\"","3777":"u","3778":"p","3779":"d","3780":"a","3781":"t","3782":"e","3783":":","3784":"r","3785":"e","3786":"s","3787":"u","3788":"l","3789":"t","3790":"T","3791":"a","3792":"b","3793":"l","3794":"e","3795":"D","3796":"a","3797":"t","3798":"a","3799":"\\","3800":"\"","3801":",","3802":" ","3803":"r","3804":"e","3805":"s","3806":"u","3807":"l","3808":"t","3809":"T","3810":"a","3811":"b","3812":"l","3813":"e","3814":"D","3815":"a","3816":"t","3817":"a","3818":")","3819":";","3820":"\\","3821":"n","3822":" ","3823":" ","3824":" ","3825":" ","3826":" ","3827":" ","3828":"}","3829":" ","3830":"e","3831":"l","3832":"s","3833":"e","3834":" ","3835":"{","3836":"\\","3837":"n","3838":" ","3839":" ","3840":" ","3841":" ","3842":" ","3843":" ","3844":" ","3845":" ","3846":"c","3847":"o","3848":"n","3849":"s","3850":"o","3851":"l","3852":"e","3853":".","3854":"e","3855":"r","3856":"r","3857":"o","3858":"r","3859":"(","3860":"\\","3861":"\"","3862":"C","3863":"a","3864":"r","3865":" ","3866":"p","3867":"r","3868":"i","3869":"c","3870":"e","3871":" ","3872":"r","3873":"e","3874":"s","3875":"u","3876":"l","3877":"t","3878":" ","3879":"n","3880":"o","3881":"t","3882":" ","3883":"f","3884":"o","3885":"u","3886":"n","3887":"d","3888":"\\","3889":"\"","3890":")","3891":";","3892":"\\","3893":"n","3894":" ","3895":" ","3896":" ","3897":" ","3898":" ","3899":" ","3900":"}","3901":"\\","3902":"n","3903":" ","3904":" ","3905":" ","3906":" ","3907":"}","3908":" ","3909":"e","3910":"l","3911":"s","3912":"e","3913":" ","3914":"{","3915":"\\","3916":"n","3917":" ","3918":" ","3919":" ","3920":" ","3921":" ","3922":" ","3923":"c","3924":"o","3925":"n","3926":"s","3927":"o","3928":"l","3929":"e","3930":".","3931":"e","3932":"r","3933":"r","3934":"o","3935":"r","3936":"(","3937":"\\","3938":"\"","3939":"V","3940":"e","3941":"h","3942":"i","3943":"c","3944":"l","3945":"e","3946":" ","3947":"t","3948":"y","3949":"p","3950":"e","3951":" ","3952":"n","3953":"o","3954":"t","3955":" ","3956":"f","3957":"o","3958":"u","3959":"n","3960":"d","3961":"\\","3962":"\"","3963":")","3964":";","3965":"\\","3966":"n","3967":" ","3968":" ","3969":" ","3970":" ","3971":"}","3972":"\\","3973":"n","3974":" ","3975":" ","3976":"}","3977":" ","3978":"c","3979":"a","3980":"t","3981":"c","3982":"h","3983":" ","3984":"(","3985":"e","3986":"r","3987":"r","3988":"o","3989":"r","3990":")","3991":" ","3992":"{","3993":"\\","3994":"n","3995":" ","3996":" ","3997":" ","3998":" ","3999":"c","4000":"o","4001":"n","4002":"s","4003":"o","4004":"l","4005":"e","4006":".","4007":"e","4008":"r","4009":"r","4010":"o","4011":"r","4012":"(","4013":"\\","4014":"\"","4015":"E","4016":"r","4017":"r","4018":"o","4019":"r","4020":" ","4021":"i","4022":"n","4023":" ","4024":"f","4025":"o","4026":"r","4027":"m","4028":" ","4029":"s","4030":"u","4031":"b","4032":"m","4033":"i","4034":"s","4035":"s","4036":"i","4037":"o","4038":"n","4039":":","4040":"\\","4041":"\"","4042":",","4043":" ","4044":"e","4045":"r","4046":"r","4047":"o","4048":"r","4049":")","4050":";","4051":"\\","4052":"n","4053":" ","4054":" ","4055":"}","4056":"\\","4057":"n","4058":"}","4059":";","4060":"\\","4061":"n","4062":"\\","4063":"n","4064":"/","4065":"*","4066":"*","4067":"\\","4068":"n","4069":" ","4070":"*","4071":" ","4072":"R","4073":"e","4074":"s","4075":"e","4076":"t","4077":" ","4078":"t","4079":"h","4080":"e","4081":" ","4082":"f","4083":"o","4084":"r","4085":"m","4086":" ","4087":"f","4088":"i","4089":"e","4090":"l","4091":"d","4092":"s","4093":"\\","4094":"n","4095":" ","4096":"*","4097":"/","4098":"\\","4099":"n","4100":"c","4101":"o","4102":"n","4103":"s","4104":"t","4105":" ","4106":"r","4107":"e","4108":"s","4109":"e","4110":"t","4111":" ","4112":"=","4113":" ","4114":"(","4115":")","4116":" ","4117":"=","4118":">","4119":" ","4120":"{","4121":"\\","4122":"n","4123":" ","4124":" ","4125":"s","4126":"e","4127":"l","4128":"e","4129":"c","4130":"t","4131":"e","4132":"d","4133":"V","4134":"e","4135":"h","4136":"i","4137":"c","4138":"l","4139":"e","4140":"T","4141":"y","4142":"p","4143":"e","4144":"I","4145":"d","4146":".","4147":"v","4148":"a","4149":"l","4150":"u","4151":"e","4152":" ","4153":"=","4154":" ","4155":"n","4156":"u","4157":"l","4158":"l","4159":";","4160":"\\","4161":"n","4162":" ","4163":" ","4164":"v","4165":"e","4166":"h","4167":"i","4168":"c","4169":"l","4170":"e","4171":"P","4172":"r","4173":"i","4174":"c","4175":"e","4176":".","4177":"v","4178":"a","4179":"l","4180":"u","4181":"e","4182":" ","4183":"=","4184":" ","4185":"0","4186":";","4187":"\\","4188":"n","4189":" ","4190":" ","4191":"e","4192":"m","4193":"i","4194":"t","4195":"(","4196":"\\","4197":"\"","4198":"u","4199":"p","4200":"d","4201":"a","4202":"t","4203":"e","4204":":","4205":"r","4206":"e","4207":"s","4208":"u","4209":"l","4210":"t","4211":"T","4212":"a","4213":"b","4214":"l","4215":"e","4216":"D","4217":"a","4218":"t","4219":"a","4220":"\\","4221":"\"","4222":",","4223":" ","4224":"n","4225":"u","4226":"l","4227":"l","4228":")","4229":";","4230":"\\","4231":"n","4232":"}","4233":";","4234":"\\","4235":"n","4236":"\\","4237":"n","4238":"o","4239":"n","4240":"M","4241":"o","4242":"u","4243":"n","4244":"t","4245":"e","4246":"d","4247":"(","4248":"a","4249":"s","4250":"y","4251":"n","4252":"c","4253":" ","4254":"(","4255":")","4256":" ","4257":"=","4258":">","4259":" ","4260":"{","4261":"\\","4262":"n","4263":" ","4264":" ","4265":"t","4266":"r","4267":"y","4268":" ","4269":"{","4270":"\\","4271":"n","4272":" ","4273":" ","4274":" ","4275":" ","4276":"v","4277":"e","4278":"h","4279":"i","4280":"c","4281":"l","4282":"e","4283":"T","4284":"y","4285":"p","4286":"e","4287":"s","4288":".","4289":"v","4290":"a","4291":"l","4292":"u","4293":"e","4294":" ","4295":"=","4296":" ","4297":"a","4298":"w","4299":"a","4300":"i","4301":"t","4302":" ","4303":"v","4304":"e","4305":"h","4306":"i","4307":"c","4308":"l","4309":"e","4310":"S","4311":"e","4312":"r","4313":"v","4314":"i","4315":"c","4316":"e","4317":".","4318":"f","4319":"e","4320":"t","4321":"c","4322":"h","4323":"V","4324":"e","4325":"h","4326":"i","4327":"c","4328":"l","4329":"e","4330":"T","4331":"y","4332":"p","4333":"e","4334":"s","4335":"(","4336":")","4337":";","4338":"\\","4339":"n","4340":"\\","4341":"n","4342":" ","4343":" ","4344":" ","4345":" ","4346":"i","4347":"f","4348":" ","4349":"(","4350":"v","4351":"e","4352":"h","4353":"i","4354":"c","4355":"l","4356":"e","4357":"T","4358":"y","4359":"p","4360":"e","4361":"s","4362":".","4363":"v","4364":"a","4365":"l","4366":"u","4367":"e","4368":".","4369":"l","4370":"e","4371":"n","4372":"g","4373":"t","4374":"h","4375":" ","4376":">","4377":" ","4378":"0","4379":")","4380":" ","4381":"{","4382":"\\","4383":"n","4384":" ","4385":" ","4386":" ","4387":" ","4388":" ","4389":" ","4390":"s","4391":"e","4392":"l","4393":"e","4394":"c","4395":"t","4396":"e","4397":"d","4398":"V","4399":"e","4400":"h","4401":"i","4402":"c","4403":"l","4404":"e","4405":"T","4406":"y","4407":"p","4408":"e","4409":"I","4410":"d","4411":".","4412":"v","4413":"a","4414":"l","4415":"u","4416":"e","4417":" ","4418":"=","4419":" ","4420":"v","4421":"e","4422":"h","4423":"i","4424":"c","4425":"l","4426":"e","4427":"T","4428":"y","4429":"p","4430":"e","4431":"s","4432":".","4433":"v","4434":"a","4435":"l","4436":"u","4437":"e","4438":"[","4439":"0","4440":"]","4441":".","4442":"i","4443":"d","4444":";","4445":"\\","4446":"n","4447":" ","4448":" ","4449":" ","4450":" ","4451":"}","4452":"\\","4453":"n","4454":" ","4455":" ","4456":"}","4457":" ","4458":"c","4459":"a","4460":"t","4461":"c","4462":"h","4463":" ","4464":"(","4465":"e","4466":"r","4467":"r","4468":"o","4469":"r","4470":")","4471":" ","4472":"{","4473":"\\","4474":"n","4475":" ","4476":" ","4477":" ","4478":" ","4479":"c","4480":"o","4481":"n","4482":"s","4483":"o","4484":"l","4485":"e","4486":".","4487":"e","4488":"r","4489":"r","4490":"o","4491":"r","4492":"(","4493":"\\","4494":"\"","4495":"E","4496":"r","4497":"r","4498":"o","4499":"r","4500":" ","4501":"f","4502":"e","4503":"t","4504":"c","4505":"h","4506":"i","4507":"n","4508":"g","4509":" ","4510":"v","4511":"e","4512":"h","4513":"i","4514":"c","4515":"l","4516":"e","4517":" ","4518":"t","4519":"y","4520":"p","4521":"e","4522":"s","4523":"\\","4524":"\"","4525":",","4526":" ","4527":"e","4528":"r","4529":"r","4530":"o","4531":"r","4532":")","4533":";","4534":"\\","4535":"n","4536":" ","4537":" ","4538":"}","4539":"\\","4540":"n","4541":"}","4542":")","4543":";","4544":"\\","4545":"n","4546":"<","4547":"/","4548":"s","4549":"c","4550":"r","4551":"i","4552":"p","4553":"t","4554":">","4555":"\\","4556":"n","4557":"\"","4558":"]","4559":"}"},"_coverageSchema":"1a1c01bbd47fc00a2c39e90264f33305004495a9","hash":"9fc139feef9b6809bba48d23afa8d2eac07a0bf3"}
,"/Users/stephanebrault/dev/lab/car-auction/frontend/src/services/VehicleService.ts": {"path":"/Users/stephanebrault/dev/lab/car-auction/frontend/src/services/VehicleService.ts","statementMap":{"0":{"start":{"line":7,"column":0},"end":{"line":7,"column":null}},"1":{"start":{"line":17,"column":8},"end":{"line":17,"column":46}},"2":{"start":{"line":19,"column":6},"end":{"line":19,"column":null}},"3":{"start":{"line":21,"column":6},"end":{"line":21,"column":null}},"4":{"start":{"line":22,"column":6},"end":{"line":22,"column":null}},"5":{"start":{"line":38,"column":8},"end":{"line":40,"column":10}},"6":{"start":{"line":41,"column":6},"end":{"line":41,"column":null}},"7":{"start":{"line":43,"column":6},"end":{"line":43,"column":null}},"8":{"start":{"line":44,"column":6},"end":{"line":44,"column":null}},"9":{"start":{"line":49,"column":0},"end":{"line":49,"column":null}}},"fnMap":{"0":{"name":"(anonymous_1)","decl":{"start":{"line":14,"column":2},"end":{"line":14,"column":8}},"loc":{"start":{"line":14,"column":25},"end":{"line":24,"column":null}}},"1":{"name":"(anonymous_2)","decl":{"start":{"line":32,"column":2},"end":{"line":32,"column":8}},"loc":{"start":{"line":34,"column":25},"end":{"line":46,"column":null}}}},"branchMap":{"0":{"loc":{"start":{"line":19,"column":13},"end":{"line":19,"column":40}},"type":"binary-expr","locations":[{"start":{"line":19,"column":13},"end":{"line":19,"column":34}},{"start":{"line":19,"column":38},"end":{"line":19,"column":40}}]}},"s":{"0":2,"1":5,"2":4,"3":1,"4":1,"5":4,"6":3,"7":1,"8":1,"9":2},"f":{"0":5,"1":4},"b":{"0":[4,3]}}
,"/Users/stephanebrault/dev/lab/car-auction/frontend/src/utils/strings.ts": {"path":"/Users/stephanebrault/dev/lab/car-auction/frontend/src/utils/strings.ts","statementMap":{"0":{"start":{"line":6,"column":30},"end":{"line":11,"column":1}},"1":{"start":{"line":10,"column":2},"end":{"line":10,"column":null}},"2":{"start":{"line":6,"column":13},"end":{"line":6,"column":30}}},"fnMap":{"0":{"name":"(anonymous_0)","decl":{"start":{"line":6,"column":30},"end":{"line":6,"column":null}},"loc":{"start":{"line":9,"column":12},"end":{"line":11,"column":1}}}},"branchMap":{},"s":{"0":1,"1":5,"2":1},"f":{"0":5},"b":{}}
,"/Users/stephanebrault/dev/lab/car-auction/frontend/src/utils/validation.ts": {"path":"/Users/stephanebrault/dev/lab/car-auction/frontend/src/utils/validation.ts","statementMap":{"0":{"start":{"line":5,"column":30},"end":{"line":28,"column":1}},"1":{"start":{"line":6,"column":16},"end":{"line":6,"column":48}},"2":{"start":{"line":7,"column":23},"end":{"line":7,"column":32}},"3":{"start":{"line":15,"column":4},"end":{"line":15,"column":null}},"4":{"start":{"line":19,"column":21},"end":{"line":19,"column":43}},"5":{"start":{"line":26,"column":4},"end":{"line":26,"column":null}},"6":{"start":{"line":5,"column":13},"end":{"line":5,"column":30}}},"fnMap":{"0":{"name":"(anonymous_0)","decl":{"start":{"line":5,"column":30},"end":{"line":5,"column":50}},"loc":{"start":{"line":5,"column":54},"end":{"line":28,"column":1}}}},"branchMap":{"0":{"loc":{"start":{"line":11,"column":4},"end":{"line":13,"column":26}},"type":"binary-expr","locations":[{"start":{"line":11,"column":4},"end":{"line":11,"column":32}},{"start":{"line":12,"column":4},"end":{"line":12,"column":29}},{"start":{"line":13,"column":4},"end":{"line":13,"column":26}}]},"1":{"loc":{"start":{"line":21,"column":4},"end":{"line":24,"column":26}},"type":"binary-expr","locations":[{"start":{"line":21,"column":4},"end":{"line":21,"column":25}},{"start":{"line":22,"column":4},"end":{"line":22,"column":29}},{"start":{"line":23,"column":4},"end":{"line":23,"column":29}},{"start":{"line":24,"column":4},"end":{"line":24,"column":26}}]}},"s":{"0":2,"1":8,"2":8,"3":2,"4":8,"5":2,"6":2},"f":{"0":8},"b":{"0":[8,4,2],"1":[8,3,3,2]}}
}
