{"/Users/stephanebrault/dev/lab/car-auction/frontend/src/composables/useCalculatorForm.ts": {"path":"/Users/stephanebrault/dev/lab/car-auction/frontend/src/composables/useCalculatorForm.ts","statementMap":{"0":{"start":{"line":2,"column":0},"end":{"line":2,"column":null}},"1":{"start":{"line":3,"column":0},"end":{"line":3,"column":null}},"2":{"start":{"line":6,"column":2},"end":{"line":140,"column":1}},"3":{"start":{"line":11,"column":32},"end":{"line":11,"column":56}},"4":{"start":{"line":12,"column":23},"end":{"line":12,"column":45}},"5":{"start":{"line":13,"column":23},"end":{"line":13,"column":47}},"6":{"start":{"line":14,"column":23},"end":{"line":14,"column":47}},"7":{"start":{"line":15,"column":22},"end":{"line":15,"column":41}},"8":{"start":{"line":20,"column":28},"end":{"line":33,"column":3}},"9":{"start":{"line":22,"column":35},"end":{"line":22,"column":75}},"10":{"start":{"line":23,"column":6},"end":{"line":23,"column":null}},"11":{"start":{"line":26,"column":8},"end":{"line":26,"column":null}},"12":{"start":{"line":29,"column":6},"end":{"line":30,"column":null}},"13":{"start":{"line":31,"column":6},"end":{"line":31,"column":null}},"14":{"start":{"line":38,"column":22},"end":{"line":43,"column":3}},"15":{"start":{"line":39,"column":30},"end":{"line":40,"column":null}},"16":{"start":{"line":40,"column":16},"end":{"line":40,"column":55}},"17":{"start":{"line":42,"column":4},"end":{"line":42,"column":null}},"18":{"start":{"line":48,"column":24},"end":{"line":55,"column":3}},"19":{"start":{"line":50,"column":6},"end":{"line":50,"column":null}},"20":{"start":{"line":52,"column":6},"end":{"line":52,"column":null}},"21":{"start":{"line":53,"column":6},"end":{"line":53,"column":null}},"22":{"start":{"line":60,"column":23},"end":{"line":67,"column":3}},"23":{"start":{"line":62,"column":6},"end":{"line":63,"column":null}},"24":{"start":{"line":64,"column":6},"end":{"line":64,"column":null}},"25":{"start":{"line":66,"column":4},"end":{"line":66,"column":null}},"26":{"start":{"line":72,"column":33},"end":{"line":78,"column":3}},"27":{"start":{"line":73,"column":4},"end":{"line":76,"column":null}},"28":{"start":{"line":75,"column":18},"end":{"line":75,"column":57}},"29":{"start":{"line":83,"column":27},"end":{"line":105,"column":3}},"30":{"start":{"line":84,"column":4},"end":{"line":84,"column":null}},"31":{"start":{"line":86,"column":4},"end":{"line":86,"column":null}},"32":{"start":{"line":86,"column":25},"end":{"line":86,"column":null}},"33":{"start":{"line":88,"column":24},"end":{"line":88,"column":63}},"34":{"start":{"line":90,"column":26},"end":{"line":90,"column":54}},"35":{"start":{"line":92,"column":27},"end":{"line":92,"column":69}},"36":{"start":{"line":94,"column":6},"end":{"line":94,"column":null}},"37":{"start":{"line":95,"column":6},"end":{"line":95,"column":null}},"38":{"start":{"line":98,"column":40},"end":{"line":102,"column":null}},"39":{"start":{"line":104,"column":4},"end":{"line":104,"column":null}},"40":{"start":{"line":110,"column":20},"end":{"line":117,"column":3}},"41":{"start":{"line":111,"column":4},"end":{"line":112,"column":null}},"42":{"start":{"line":113,"column":4},"end":{"line":113,"column":30}},"43":{"start":{"line":114,"column":4},"end":{"line":114,"column":null}},"44":{"start":{"line":115,"column":4},"end":{"line":115,"column":null}},"45":{"start":{"line":116,"column":4},"end":{"line":116,"column":null}},"46":{"start":{"line":122,"column":2},"end":{"line":124,"column":null}},"47":{"start":{"line":123,"column":4},"end":{"line":123,"column":null}},"48":{"start":{"line":126,"column":2},"end":{"line":139,"column":null}},"49":{"start":{"line":142,"column":0},"end":{"line":142,"column":null}}},"fnMap":{"0":{"name":"(anonymous_1)","decl":{"start":{"line":6,"column":2},"end":{"line":6,"column":null}},"loc":{"start":{"line":10,"column":4},"end":{"line":140,"column":1}}},"1":{"name":"(anonymous_2)","decl":{"start":{"line":20,"column":28},"end":{"line":20,"column":54}},"loc":{"start":{"line":20,"column":54},"end":{"line":33,"column":3}}},"2":{"name":"(anonymous_3)","decl":{"start":{"line":38,"column":22},"end":{"line":38,"column":36}},"loc":{"start":{"line":38,"column":36},"end":{"line":43,"column":3}}},"3":{"name":"(anonymous_4)","decl":{"start":{"line":40,"column":7},"end":{"line":40,"column":11}},"loc":{"start":{"line":40,"column":16},"end":{"line":40,"column":55}}},"4":{"name":"(anonymous_5)","decl":{"start":{"line":48,"column":24},"end":{"line":48,"column":31}},"loc":{"start":{"line":48,"column":71},"end":{"line":55,"column":3}}},"5":{"name":"(anonymous_6)","decl":{"start":{"line":60,"column":23},"end":{"line":60,"column":37}},"loc":{"start":{"line":60,"column":37},"end":{"line":67,"column":3}}},"6":{"name":"(anonymous_7)","decl":{"start":{"line":72,"column":33},"end":{"line":72,"column":58}},"loc":{"start":{"line":72,"column":58},"end":{"line":78,"column":3}}},"7":{"name":"(anonymous_8)","decl":{"start":{"line":75,"column":9},"end":{"line":75,"column":13}},"loc":{"start":{"line":75,"column":18},"end":{"line":75,"column":57}}},"8":{"name":"(anonymous_9)","decl":{"start":{"line":83,"column":27},"end":{"line":83,"column":53}},"loc":{"start":{"line":83,"column":53},"end":{"line":105,"column":3}}},"9":{"name":"(anonymous_10)","decl":{"start":{"line":110,"column":20},"end":{"line":110,"column":31}},"loc":{"start":{"line":110,"column":31},"end":{"line":117,"column":3}}},"10":{"name":"(anonymous_11)","decl":{"start":{"line":122,"column":47},"end":{"line":122,"column":52}},"loc":{"start":{"line":122,"column":52},"end":{"line":124,"column":3}}}},"branchMap":{"0":{"loc":{"start":{"line":23,"column":27},"end":{"line":23,"column":38}},"type":"binary-expr","locations":[{"start":{"line":23,"column":27},"end":{"line":23,"column":32}},{"start":{"line":23,"column":36},"end":{"line":23,"column":38}}]},"1":{"loc":{"start":{"line":42,"column":11},"end":{"line":42,"column":78}},"type":"binary-expr","locations":[{"start":{"line":42,"column":11},"end":{"line":42,"column":28}},{"start":{"line":42,"column":32},"end":{"line":42,"column":52}},{"start":{"line":42,"column":56},"end":{"line":42,"column":78}}]},"2":{"loc":{"start":{"line":61,"column":8},"end":{"line":61,"column":53}},"type":"binary-expr","locations":[{"start":{"line":61,"column":8},"end":{"line":61,"column":22}},{"start":{"line":61,"column":26},"end":{"line":61,"column":53}}]},"3":{"loc":{"start":{"line":74,"column":6},"end":{"line":76,"column":15}},"type":"binary-expr","locations":[{"start":{"line":74,"column":6},"end":{"line":75,"column":null}},{"start":{"line":76,"column":11},"end":{"line":76,"column":15}}]},"4":{"loc":{"start":{"line":86,"column":4},"end":{"line":86,"column":null}},"type":"if","locations":[{"start":{"line":86,"column":4},"end":{"line":86,"column":null}}]},"5":{"loc":{"start":{"line":112,"column":6},"end":{"line":112,"column":69}},"type":"cond-expr","locations":[{"start":{"line":112,"column":38},"end":{"line":112,"column":62}},{"start":{"line":112,"column":65},"end":{"line":112,"column":69}}]}},"s":{"0":1,"1":1,"2":1,"3":21,"4":21,"5":21,"6":21,"7":21,"8":21,"9":4,"10":3,"11":1,"12":1,"13":1,"14":21,"15":20,"16":16,"17":20,"18":21,"19":4,"20":1,"21":1,"22":21,"23":4,"24":4,"25":3,"26":21,"27":4,"28":6,"29":21,"30":5,"31":5,"32":3,"33":2,"34":2,"35":2,"36":1,"37":1,"38":1,"39":1,"40":21,"41":2,"42":2,"43":2,"44":2,"45":2,"46":21,"47":12,"48":21,"49":1},"f":{"0":21,"1":4,"2":20,"3":16,"4":4,"5":7,"6":4,"7":6,"8":5,"9":2,"10":12},"b":{"0":[3,1],"1":[20,11,8],"2":[7,3],"3":[4,1],"4":[3],"5":[1,1]}}
,"/Users/stephanebrault/dev/lab/car-auction/frontend/src/services/VehicleService.ts": {"path":"/Users/stephanebrault/dev/lab/car-auction/frontend/src/services/VehicleService.ts","statementMap":{"0":{"start":{"line":7,"column":0},"end":{"line":7,"column":null}},"1":{"start":{"line":17,"column":8},"end":{"line":17,"column":46}},"2":{"start":{"line":19,"column":6},"end":{"line":19,"column":null}},"3":{"start":{"line":21,"column":6},"end":{"line":21,"column":null}},"4":{"start":{"line":22,"column":6},"end":{"line":22,"column":null}},"5":{"start":{"line":38,"column":8},"end":{"line":40,"column":10}},"6":{"start":{"line":41,"column":6},"end":{"line":41,"column":null}},"7":{"start":{"line":43,"column":6},"end":{"line":43,"column":null}},"8":{"start":{"line":44,"column":6},"end":{"line":44,"column":null}},"9":{"start":{"line":49,"column":0},"end":{"line":49,"column":null}}},"fnMap":{"0":{"name":"(anonymous_1)","decl":{"start":{"line":14,"column":2},"end":{"line":14,"column":8}},"loc":{"start":{"line":14,"column":25},"end":{"line":24,"column":null}}},"1":{"name":"(anonymous_2)","decl":{"start":{"line":32,"column":2},"end":{"line":32,"column":8}},"loc":{"start":{"line":34,"column":25},"end":{"line":46,"column":null}}}},"branchMap":{"0":{"loc":{"start":{"line":19,"column":13},"end":{"line":19,"column":40}},"type":"binary-expr","locations":[{"start":{"line":19,"column":13},"end":{"line":19,"column":34}},{"start":{"line":19,"column":38},"end":{"line":19,"column":40}}]}},"s":{"0":1,"1":5,"2":4,"3":1,"4":1,"5":4,"6":3,"7":1,"8":1,"9":1},"f":{"0":5,"1":4},"b":{"0":[4,3]}}
,"/Users/stephanebrault/dev/lab/car-auction/frontend/src/utils/strings.ts": {"path":"/Users/stephanebrault/dev/lab/car-auction/frontend/src/utils/strings.ts","statementMap":{"0":{"start":{"line":6,"column":30},"end":{"line":11,"column":1}},"1":{"start":{"line":10,"column":2},"end":{"line":10,"column":null}},"2":{"start":{"line":6,"column":13},"end":{"line":6,"column":30}}},"fnMap":{"0":{"name":"(anonymous_0)","decl":{"start":{"line":6,"column":30},"end":{"line":6,"column":null}},"loc":{"start":{"line":9,"column":12},"end":{"line":11,"column":1}}}},"branchMap":{},"s":{"0":1,"1":5,"2":1},"f":{"0":5},"b":{}}
,"/Users/stephanebrault/dev/lab/car-auction/frontend/src/utils/validation.ts": {"path":"/Users/stephanebrault/dev/lab/car-auction/frontend/src/utils/validation.ts","statementMap":{"0":{"start":{"line":5,"column":30},"end":{"line":37,"column":1}},"1":{"start":{"line":6,"column":17},"end":{"line":6,"column":49}},"2":{"start":{"line":16,"column":4},"end":{"line":16,"column":null}},"3":{"start":{"line":21,"column":4},"end":{"line":21,"column":null}},"4":{"start":{"line":22,"column":4},"end":{"line":22,"column":null}},"5":{"start":{"line":27,"column":4},"end":{"line":27,"column":null}},"6":{"start":{"line":28,"column":4},"end":{"line":28,"column":null}},"7":{"start":{"line":32,"column":23},"end":{"line":32,"column":48}},"8":{"start":{"line":34,"column":4},"end":{"line":34,"column":null}},"9":{"start":{"line":35,"column":4},"end":{"line":35,"column":null}},"10":{"start":{"line":5,"column":13},"end":{"line":5,"column":30}}},"fnMap":{"0":{"name":"(anonymous_0)","decl":{"start":{"line":5,"column":30},"end":{"line":5,"column":50}},"loc":{"start":{"line":5,"column":54},"end":{"line":37,"column":1}}}},"branchMap":{"0":{"loc":{"start":{"line":10,"column":4},"end":{"line":14,"column":23}},"type":"binary-expr","locations":[{"start":{"line":10,"column":4},"end":{"line":10,"column":29}},{"start":{"line":11,"column":4},"end":{"line":11,"column":26}},{"start":{"line":12,"column":4},"end":{"line":12,"column":29}},{"start":{"line":13,"column":4},"end":{"line":13,"column":30}},{"start":{"line":14,"column":4},"end":{"line":14,"column":23}}]},"1":{"loc":{"start":{"line":26,"column":6},"end":{"line":26,"column":53}},"type":"binary-expr","locations":[{"start":{"line":26,"column":6},"end":{"line":26,"column":23}},{"start":{"line":26,"column":27},"end":{"line":26,"column":53}}]},"2":{"loc":{"start":{"line":33,"column":6},"end":{"line":33,"column":67}},"type":"binary-expr","locations":[{"start":{"line":33,"column":6},"end":{"line":33,"column":25}},{"start":{"line":33,"column":29},"end":{"line":33,"column":67}}]}},"s":{"0":1,"1":5,"2":1,"3":1,"4":1,"5":1,"6":1,"7":2,"8":1,"9":1,"10":1},"f":{"0":5},"b":{"0":[5,4,4,4,4],"1":[3,1],"2":[2,1]}}
}
