TN:
SF:src/api/apiClient.ts
FNF:0
FNH:0
DA:1,1
DA:3,1
DA:10,1
LF:3
LH:3
BRF:0
BRH:0
end_of_record
TN:
SF:src/components/CalculatorForm.vue
FN:7,(anonymous_0)
FN:8,adopt
FN:9,(anonymous_2)
FN:13,(anonymous_3)
FN:14,fulfilled
FN:21,rejected
FN:28,step
FN:34,(anonymous_7)
FN:37,(anonymous_8)
FN:52,(anonymous_9)
FN:55,verb
FN:56,(anonymous_11)
FN:60,step
FN:122,(anonymous_13)
FN:143,(anonymous_14)
FN:156,(anonymous_15)
FN:157,(anonymous_16)
FN:159,(anonymous_17)
FN:163,(anonymous_18)
FN:199,(anonymous_19)
FN:204,(anonymous_20)
FN:205,(anonymous_21)
FN:207,(anonymous_22)
FN:236,(anonymous_23)
FN:258,render
FN:264,(anonymous_25)
FN:268,(anonymous_26)
FN:286,(anonymous_27)
FN:289,(anonymous_28)
FNF:29
FNH:26
FNDA:15,(anonymous_0)
FNDA:14,adopt
FNDA:14,(anonymous_2)
FNDA:15,(anonymous_3)
FNDA:12,fulfilled
FNDA:2,rejected
FNDA:29,step
FNDA:15,(anonymous_7)
FNDA:16,(anonymous_8)
FNDA:0,(anonymous_9)
FNDA:45,verb
FNDA:29,(anonymous_11)
FNDA:29,step
FNDA:1,(anonymous_13)
FNDA:11,(anonymous_14)
FNDA:4,(anonymous_15)
FNDA:4,(anonymous_16)
FNDA:15,(anonymous_17)
FNDA:4,(anonymous_18)
FNDA:1,(anonymous_19)
FNDA:11,(anonymous_20)
FNDA:11,(anonymous_21)
FNDA:34,(anonymous_22)
FNDA:4,(anonymous_23)
FNDA:27,render
FNDA:0,(anonymous_25)
FNDA:16,(anonymous_26)
FNDA:0,(anonymous_27)
FNDA:2,(anonymous_28)
DA:5,1
DA:6,1
DA:7,1
DA:9,14
DA:10,14
DA:13,15
DA:15,12
DA:16,12
DA:18,0
DA:22,2
DA:23,2
DA:25,0
DA:29,29
DA:31,15
DA:34,1
DA:35,15
DA:38,16
DA:39,14
DA:48,15
DA:53,0
DA:56,45
DA:57,29
DA:61,29
DA:62,93
DA:63,93
DA:64,93
DA:65,93
DA:68,29
DA:69,29
DA:71,14
DA:72,14
DA:77,0
DA:78,0
DA:79,0
DA:80,0
DA:82,0
DA:83,0
DA:84,0
DA:86,50
DA:87,15
DA:88,15
DA:90,35
DA:91,18
DA:92,18
DA:94,17
DA:95,2
DA:96,2
DA:97,2
DA:99,15
DA:100,0
DA:101,0
DA:102,0
DA:104,15
DA:105,15
DA:106,15
DA:108,49
DA:110,2
DA:111,2
DA:113,93
DA:115,15
DA:116,15
DA:122,1
DA:123,1
DA:127,1
DA:130,1
DA:131,1
DA:132,1
DA:133,1
DA:134,1
DA:144,11
DA:145,11
DA:146,11
DA:147,11
DA:148,11
DA:150,11
DA:151,11
DA:152,11
DA:156,11
DA:157,4
DA:159,4
DA:160,15
DA:162,4
DA:163,4
DA:164,4
DA:166,4
DA:167,3
DA:169,3
DA:170,2
DA:171,1
DA:176,1
DA:178,1
DA:180,2
DA:182,1
DA:183,1
DA:185,3
DA:187,1
DA:188,1
DA:189,1
DA:191,4
DA:199,11
DA:200,1
DA:201,1
DA:202,1
DA:204,11
DA:205,11
DA:207,11
DA:208,34
DA:210,11
DA:211,11
DA:212,11
DA:214,11
DA:215,10
DA:216,10
DA:218,10
DA:220,1
DA:221,1
DA:222,1
DA:224,11
DA:229,11
DA:237,4
DA:240,11
DA:244,11
DA:248,1
DA:249,1
DA:250,1
DA:251,1
DA:255,1
DA:256,1
DA:257,1
DA:259,27
DA:264,0
DA:269,16
DA:286,0
DA:290,2
DA:291,2
DA:292,2
DA:294,2
DA:314,1
DA:315,1
LF:139
LH:124
BRDA:7,0,0,1
BRDA:7,0,1,1
BRDA:7,0,2,1
BRDA:9,1,0,0
BRDA:9,1,1,14
BRDA:13,2,0,15
BRDA:13,2,1,15
BRDA:29,3,0,15
BRDA:29,3,1,14
BRDA:31,4,0,15
BRDA:31,4,1,15
BRDA:34,5,0,1
BRDA:34,5,1,1
BRDA:34,5,2,1
BRDA:38,6,0,2
BRDA:38,6,1,14
BRDA:52,7,0,15
BRDA:52,7,1,15
BRDA:61,8,0,0
BRDA:61,8,1,29
BRDA:63,9,0,0
BRDA:63,9,1,93
BRDA:63,10,0,93
BRDA:63,10,1,0
BRDA:63,10,2,0
BRDA:63,11,0,0
BRDA:63,11,1,0
BRDA:63,12,0,0
BRDA:63,12,1,0
BRDA:63,13,0,0
BRDA:63,13,1,0
BRDA:63,14,0,0
BRDA:63,14,1,0
BRDA:64,15,0,0
BRDA:64,15,1,93
BRDA:65,16,0,27
BRDA:65,16,1,29
BRDA:65,16,2,14
BRDA:65,16,3,0
BRDA:65,16,4,0
BRDA:65,16,5,50
BRDA:86,17,0,15
BRDA:86,17,1,35
BRDA:86,18,0,50
BRDA:86,18,1,30
BRDA:86,18,2,30
BRDA:86,19,0,50
BRDA:86,19,1,20
BRDA:90,20,0,18
BRDA:90,20,1,17
BRDA:90,21,0,35
BRDA:90,21,1,33
BRDA:90,21,2,18
BRDA:90,21,3,18
BRDA:94,22,0,2
BRDA:94,22,1,15
BRDA:94,23,0,17
BRDA:94,23,1,2
BRDA:99,24,0,0
BRDA:99,24,1,15
BRDA:99,25,0,15
BRDA:99,25,1,15
BRDA:104,26,0,0
BRDA:104,26,1,15
BRDA:115,27,0,0
BRDA:115,27,1,15
BRDA:117,28,0,15
BRDA:117,28,1,0
BRDA:122,29,0,1
BRDA:122,29,1,1
BRDA:122,29,2,1
BRDA:123,30,0,1
BRDA:123,30,1,0
BRDA:123,31,0,1
BRDA:123,31,1,1
BRDA:160,32,0,4
BRDA:160,32,1,3
BRDA:160,32,2,1
BRDA:160,32,3,3
BRDA:160,32,4,1
BRDA:160,32,5,4
BRDA:166,33,0,1
BRDA:166,33,1,3
BRDA:170,34,0,1
BRDA:170,34,1,1
BRDA:208,35,0,11
BRDA:208,35,1,11
BRDA:208,35,2,1
BRDA:208,35,3,11
BRDA:215,36,0,10
BRDA:215,36,1,0
BRDA:260,37,0,27
BRDA:260,37,1,11
BRDA:262,38,0,27
BRDA:262,38,1,11
BRDA:264,39,0,27
BRDA:264,39,1,11
BRDA:279,40,0,27
BRDA:279,40,1,11
BRDA:286,41,0,27
BRDA:286,41,1,11
BRDA:287,42,0,27
BRDA:287,42,1,11
BRDA:294,43,0,2
BRDA:294,43,1,2
BRF:105
BRH:83
end_of_record
TN:
SF:src/services/VehicleService.ts
FN:14,(anonymous_1)
FN:32,(anonymous_2)
FNF:2
FNH:2
FNDA:5,(anonymous_1)
FNDA:4,(anonymous_2)
DA:7,2
DA:17,5
DA:19,4
DA:21,1
DA:22,1
DA:38,4
DA:41,3
DA:43,1
DA:44,1
DA:49,2
LF:10
LH:10
BRDA:19,0,0,4
BRDA:19,0,1,3
BRF:2
BRH:2
end_of_record
TN:
SF:src/utils/strings.ts
FN:6,(anonymous_0)
FNF:1
FNH:1
FNDA:5,(anonymous_0)
DA:6,1
DA:10,5
LF:2
LH:2
BRF:0
BRH:0
end_of_record
TN:
SF:src/utils/validation.ts
FN:5,(anonymous_0)
FNF:1
FNH:1
FNDA:8,(anonymous_0)
DA:5,2
DA:6,8
DA:7,8
DA:15,2
DA:19,8
DA:26,2
LF:6
LH:6
BRDA:11,0,0,8
BRDA:11,0,1,4
BRDA:11,0,2,2
BRDA:21,1,0,8
BRDA:21,1,1,3
BRDA:21,1,2,3
BRDA:21,1,3,2
BRF:7
BRH:7
end_of_record
