TN:
SF:src/composables/useCalculatorForm.ts
FN:6,(anonymous_1)
FN:20,(anonymous_2)
FN:38,(anonymous_3)
FN:40,(anonymous_4)
FN:48,(anonymous_5)
FN:60,(anonymous_6)
FN:72,(anonymous_7)
FN:75,(anonymous_8)
FN:83,(anonymous_9)
FN:110,(anonymous_10)
FN:122,(anonymous_11)
FNF:11
FNH:11
FNDA:21,(anonymous_1)
FNDA:4,(anonymous_2)
FNDA:20,(anonymous_3)
FNDA:16,(anonymous_4)
FNDA:4,(anonymous_5)
FNDA:7,(anonymous_6)
FNDA:4,(anonymous_7)
FNDA:6,(anonymous_8)
FNDA:5,(anonymous_9)
FNDA:2,(anonymous_10)
FNDA:12,(anonymous_11)
DA:2,1
DA:3,1
DA:6,1
DA:11,21
DA:12,21
DA:13,21
DA:14,21
DA:15,21
DA:20,21
DA:22,4
DA:23,3
DA:26,1
DA:29,1
DA:31,1
DA:38,21
DA:39,20
DA:40,16
DA:42,20
DA:48,21
DA:50,4
DA:52,1
DA:53,1
DA:60,21
DA:62,4
DA:64,4
DA:66,3
DA:72,21
DA:73,4
DA:75,6
DA:83,21
DA:84,5
DA:86,5
DA:88,2
DA:90,2
DA:92,2
DA:94,1
DA:95,1
DA:98,1
DA:104,1
DA:110,21
DA:111,2
DA:113,2
DA:114,2
DA:115,2
DA:116,2
DA:122,21
DA:123,12
DA:126,21
DA:142,1
LF:49
LH:49
BRDA:23,0,0,3
BRDA:23,0,1,1
BRDA:42,1,0,20
BRDA:42,1,1,11
BRDA:42,1,2,8
BRDA:61,2,0,7
BRDA:61,2,1,3
BRDA:74,3,0,4
BRDA:74,3,1,1
BRDA:86,4,0,3
BRDA:112,5,0,1
BRDA:112,5,1,1
BRF:12
BRH:12
end_of_record
TN:
SF:src/services/VehicleService.ts
FN:14,(anonymous_1)
FN:32,(anonymous_2)
FNF:2
FNH:2
FNDA:5,(anonymous_1)
FNDA:4,(anonymous_2)
DA:7,1
DA:17,5
DA:19,4
DA:21,1
DA:22,1
DA:38,4
DA:41,3
DA:43,1
DA:44,1
DA:49,1
LF:10
LH:10
BRDA:19,0,0,4
BRDA:19,0,1,3
BRF:2
BRH:2
end_of_record
TN:
SF:src/utils/strings.ts
FN:6,(anonymous_0)
FNF:1
FNH:1
FNDA:5,(anonymous_0)
DA:6,1
DA:10,5
LF:2
LH:2
BRF:0
BRH:0
end_of_record
TN:
SF:src/utils/validation.ts
FN:5,(anonymous_0)
FNF:1
FNH:1
FNDA:5,(anonymous_0)
DA:5,1
DA:6,5
DA:16,1
DA:21,1
DA:22,1
DA:27,1
DA:28,1
DA:32,2
DA:34,1
DA:35,1
LF:10
LH:10
BRDA:10,0,0,5
BRDA:10,0,1,4
BRDA:10,0,2,4
BRDA:10,0,3,4
BRDA:10,0,4,4
BRDA:26,1,0,3
BRDA:26,1,1,1
BRDA:33,2,0,2
BRDA:33,2,1,1
BRF:9
BRH:9
end_of_record
